2012-09-26T23:44:55+02:00 NOTICE (5): Page Not Found: /php-code-challenge/xbox/public/assets/scripts/require-jquery.js - Invalid controller specified (assets)
2012-09-26T23:45:08+02:00 NOTICE (5): Page Not Found: /php-code-challenge/xbox/public/assets/scripts/require-jquery.js - Invalid controller specified (assets)
2012-09-26T23:51:51+02:00 NOTICE (5): Page Not Found: /php-code-challenge/xbox/public/assets/scripts/require-jquery.js - Invalid controller specified (assets)
2012-09-26T23:52:18+02:00 NOTICE (5): Page Not Found: /php-code-challenge/xbox/public/assets/scripts/require-jquery.js - Invalid controller specified (assets)
2012-09-26T23:52:20+02:00 NOTICE (5): Page Not Found: /php-code-challenge/xbox/public/assets/scripts/require-jquery.js - Invalid controller specified (assets)
2012-09-26T23:52:21+02:00 NOTICE (5): Page Not Found: /php-code-challenge/xbox/public/assets/scripts/require-jquery.js - Invalid controller specified (assets)
2012-09-26T23:53:04+02:00 NOTICE (5): Page Not Found: /php-code-challenge/xbox/public/assets/scripts/require-jquery.js - Invalid controller specified (assets)
2012-09-26T23:54:25+02:00 NOTICE (5): Page Not Found: /php-code-challenge/xbox/public/assets/scripts/require-jquery.js - Invalid controller specified (assets)
2012-09-26T23:55:03+02:00 NOTICE (5): Page Not Found: /php-code-challenge/xbox/public/assets/scripts/require-jquery.js - Invalid controller specified (assets)
2012-09-26T23:55:53+02:00 NOTICE (5): Page Not Found: /php-code-challenge/xbox/public/assets/scripts/require-jquery.js - Invalid controller specified (assets)
2012-09-26T23:56:12+02:00 NOTICE (5): Page Not Found: /php-code-challenge/xbox/public/assets/scripts/require-jquery.js - Invalid controller specified (assets)
2012-09-26T23:56:42+02:00 NOTICE (5): Page Not Found: /php-code-challenge/xbox/public/assets/scripts/require-jquery.js - Invalid controller specified (assets)
2012-09-26T23:56:52+02:00 NOTICE (5): Page Not Found: /php-code-challenge/xbox/public/assets/scripts/require-jquery.js - Invalid controller specified (assets)
2012-09-26T23:57:02+02:00 NOTICE (5): Page Not Found: /php-code-challenge/xbox/public/assets/scripts/require-jquery.js - Invalid controller specified (assets)
2012-09-26T23:57:14+02:00 NOTICE (5): Page Not Found: /php-code-challenge/xbox/public/assets/scripts/require-jquery.js - Invalid controller specified (assets)
2012-09-26T23:57:18+02:00 NOTICE (5): Page Not Found: /php-code-challenge/xbox/public/assets/scripts/require-jquery.js - Invalid controller specified (assets)
2012-09-26T23:57:57+02:00 NOTICE (5): Page Not Found: /php-code-challenge/xbox/public/assets/scripts/require-jquery.js - Invalid controller specified (assets)
2012-09-26T23:57:58+02:00 NOTICE (5): Page Not Found: /php-code-challenge/xbox/public/assets/scripts/require-jquery.js - Invalid controller specified (assets)
2012-09-26T23:58:32+02:00 NOTICE (5): Page Not Found: /php-code-challenge/xbox/public/assets/scripts/require-jquery.js - Invalid controller specified (assets)
2012-09-26T23:59:18+02:00 NOTICE (5): Page Not Found: /php-code-challenge/xbox/public/assets/scripts/require-jquery.js - Invalid controller specified (assets)
2012-09-27T00:00:26+02:00 NOTICE (5): Page Not Found: /php-code-challenge/xbox/public/assets/scripts/require-jquery.js - Invalid controller specified (assets)
2012-09-27T00:00:26+02:00 NOTICE (5): Page Not Found: /php-code-challenge/xbox/public/blah.js - Invalid controller specified (blah.js)
2012-09-27T00:00:56+02:00 NOTICE (5): Page Not Found: /php-code-challenge/xbox/public/assets/scripts/require-jquery.js - Invalid controller specified (assets)
2012-09-27T00:01:19+02:00 NOTICE (5): Page Not Found: /php-code-challenge/xbox/public/assets/scripts/require-jquery.js - Invalid controller specified (assets)
2012-09-27T00:01:49+02:00 NOTICE (5): Page Not Found: /php-code-challenge/xbox/public/assets/scripts/require-jquery.js - Invalid controller specified (assets)
2012-09-27T00:02:44+02:00 NOTICE (5): Page Not Found: /php-code-challenge/xbox/public/js/require-jquery.js - Invalid controller specified (js)
2012-09-27T00:02:44+02:00 NOTICE (5): Page Not Found: /php-code-challenge/xbox/public/assets/scripts/require-jquery.js - Invalid controller specified (assets)
2012-09-27T00:02:58+02:00 NOTICE (5): Page Not Found: /php-code-challenge/xbox/public/assets/scripts/require-jquery.js - Invalid controller specified (assets)
2012-09-27T00:03:25+02:00 NOTICE (5): Page Not Found: /php-code-challenge/xbox/public/styles/global.css - Invalid controller specified (styles)
2012-09-27T00:03:25+02:00 NOTICE (5): Page Not Found: /php-code-challenge/xbox/public/scripts/require-jquery.js - Invalid controller specified (scripts)
2012-09-27T00:03:37+02:00 NOTICE (5): Page Not Found: /php-code-challenge/xbox/public/scripts/require-jquery.js - Invalid controller specified (scripts)
2012-09-27T00:16:32+02:00 NOTICE (5): Page Not Found: /php-code-challenge/xbox/public/assets/styles/assets/images/subtle-carbon-pattern.png - Invalid controller specified (assets)
2012-09-27T18:15:35+02:00 NOTICE (5): Page Not Found: /php-code-challenge/xbox/public/assets/images/cover-flow-arrows-sprite.png - Invalid controller specified (assets)
2012-09-27T18:15:47+02:00 NOTICE (5): Page Not Found: /php-code-challenge/xbox/public/assets/images/cover-flow-arrows-sprite.png - Invalid controller specified (assets)
2012-09-27T21:23:35+02:00 NOTICE (5): Page Not Found: /php-code-challenge/xbox/public/api - Invalid controller specified (api)
2012-09-27T21:23:44+02:00 NOTICE (5): Page Not Found: /php-code-challenge/xbox/public/api/ - Invalid controller specified (api)
2012-09-27T21:24:48+02:00 CRIT (2): exception 'Zend_View_Exception' with message 'script 'api/index.phtml' not found in path (C:/Users/banderso/Desktop/PROJECTS/php-code-challenge/xbox/application/views\scripts/)' in C:\Users\banderso\Desktop\PROJECTS\php-code-challenge\xbox\library\Zend\View\Abstract.php:988
Stack trace:
#0 C:\Users\banderso\Desktop\PROJECTS\php-code-challenge\xbox\library\Zend\View\Abstract.php(884): Zend_View_Abstract->_script('api/index.phtml')
#1 C:\Users\banderso\Desktop\PROJECTS\php-code-challenge\xbox\library\Zend\Controller\Action\Helper\ViewRenderer.php(900): Zend_View_Abstract->render('api/index.phtml')
#2 C:\Users\banderso\Desktop\PROJECTS\php-code-challenge\xbox\library\Zend\Controller\Action\Helper\ViewRenderer.php(921): Zend_Controller_Action_Helper_ViewRenderer->renderScript('api/index.phtml', NULL)
#3 C:\Users\banderso\Desktop\PROJECTS\php-code-challenge\xbox\library\Zend\Controller\Action\Helper\ViewRenderer.php(960): Zend_Controller_Action_Helper_ViewRenderer->render()
#4 C:\Users\banderso\Desktop\PROJECTS\php-code-challenge\xbox\library\Zend\Controller\Action\HelperBroker.php(277): Zend_Controller_Action_Helper_ViewRenderer->postDispatch()
#5 C:\Users\banderso\Desktop\PROJECTS\php-code-challenge\xbox\library\Zend\Controller\Action.php(527): Zend_Controller_Action_HelperBroker->notifyPostDispatch()
#6 C:\Users\banderso\Desktop\PROJECTS\php-code-challenge\xbox\library\Zend\Controller\Dispatcher\Standard.php(295): Zend_Controller_Action->dispatch('indexAction')
#7 C:\Users\banderso\Desktop\PROJECTS\php-code-challenge\xbox\library\Zend\Controller\Front.php(954): Zend_Controller_Dispatcher_Standard->dispatch(Object(Zend_Controller_Request_Http), Object(Zend_Controller_Response_Http))
#8 C:\Users\banderso\Desktop\PROJECTS\php-code-challenge\xbox\library\Zend\Application\Bootstrap\Bootstrap.php(97): Zend_Controller_Front->dispatch()
#9 C:\Users\banderso\Desktop\PROJECTS\php-code-challenge\xbox\library\Zend\Application.php(366): Zend_Application_Bootstrap_Bootstrap->run()
#10 C:\Users\banderso\Desktop\PROJECTS\php-code-challenge\xbox\public\index.php(26): Zend_Application->run()
#11 {main}
2012-09-27T21:26:11+02:00 NOTICE (5): Page Not Found: /php-code-challenge/xbox/public/api/ - Controller "ApiController" is not an instance of Zend_Controller_Action_Interface
2012-09-27T21:26:17+02:00 CRIT (2): exception 'Zend_View_Exception' with message 'script 'api/index.phtml' not found in path (C:/Users/banderso/Desktop/PROJECTS/php-code-challenge/xbox/application/views\scripts/)' in C:\Users\banderso\Desktop\PROJECTS\php-code-challenge\xbox\library\Zend\View\Abstract.php:988
Stack trace:
#0 C:\Users\banderso\Desktop\PROJECTS\php-code-challenge\xbox\library\Zend\View\Abstract.php(884): Zend_View_Abstract->_script('api/index.phtml')
#1 C:\Users\banderso\Desktop\PROJECTS\php-code-challenge\xbox\library\Zend\Controller\Action\Helper\ViewRenderer.php(900): Zend_View_Abstract->render('api/index.phtml')
#2 C:\Users\banderso\Desktop\PROJECTS\php-code-challenge\xbox\library\Zend\Controller\Action\Helper\ViewRenderer.php(921): Zend_Controller_Action_Helper_ViewRenderer->renderScript('api/index.phtml', NULL)
#3 C:\Users\banderso\Desktop\PROJECTS\php-code-challenge\xbox\library\Zend\Controller\Action\Helper\ViewRenderer.php(960): Zend_Controller_Action_Helper_ViewRenderer->render()
#4 C:\Users\banderso\Desktop\PROJECTS\php-code-challenge\xbox\library\Zend\Controller\Action\HelperBroker.php(277): Zend_Controller_Action_Helper_ViewRenderer->postDispatch()
#5 C:\Users\banderso\Desktop\PROJECTS\php-code-challenge\xbox\library\Zend\Controller\Action.php(527): Zend_Controller_Action_HelperBroker->notifyPostDispatch()
#6 C:\Users\banderso\Desktop\PROJECTS\php-code-challenge\xbox\library\Zend\Controller\Dispatcher\Standard.php(295): Zend_Controller_Action->dispatch('indexAction')
#7 C:\Users\banderso\Desktop\PROJECTS\php-code-challenge\xbox\library\Zend\Controller\Front.php(954): Zend_Controller_Dispatcher_Standard->dispatch(Object(Zend_Controller_Request_Http), Object(Zend_Controller_Response_Http))
#8 C:\Users\banderso\Desktop\PROJECTS\php-code-challenge\xbox\library\Zend\Application\Bootstrap\Bootstrap.php(97): Zend_Controller_Front->dispatch()
#9 C:\Users\banderso\Desktop\PROJECTS\php-code-challenge\xbox\library\Zend\Application.php(366): Zend_Application_Bootstrap_Bootstrap->run()
#10 C:\Users\banderso\Desktop\PROJECTS\php-code-challenge\xbox\public\index.php(26): Zend_Application->run()
#11 {main}
2012-09-27T21:27:47+02:00 NOTICE (5): Page Not Found: /php-code-challenge/xbox/public/api/[object%20Object] - Action "object20object" does not exist and was not trapped in __call()
2012-09-27T21:39:19+02:00 CRIT (2): exception 'Zend_View_Exception' with message 'script 'layout2.phtml' not found in path (C:\Users\banderso\Desktop\PROJECTS\php-code-challenge\xbox\application/layouts/scripts/;C:/Users/banderso/Desktop/PROJECTS/php-code-challenge/xbox/application/views\scripts/)' in C:\Users\banderso\Desktop\PROJECTS\php-code-challenge\xbox\library\Zend\View\Abstract.php:988
Stack trace:
#0 C:\Users\banderso\Desktop\PROJECTS\php-code-challenge\xbox\library\Zend\View\Abstract.php(884): Zend_View_Abstract->_script('layout2.phtml')
#1 C:\Users\banderso\Desktop\PROJECTS\php-code-challenge\xbox\library\Zend\Layout.php(796): Zend_View_Abstract->render('layout2.phtml')
#2 C:\Users\banderso\Desktop\PROJECTS\php-code-challenge\xbox\library\Zend\Layout\Controller\Plugin\Layout.php(143): Zend_Layout->render()
#3 C:\Users\banderso\Desktop\PROJECTS\php-code-challenge\xbox\library\Zend\Controller\Plugin\Broker.php(333): Zend_Layout_Controller_Plugin_Layout->postDispatch(Object(Zend_Controller_Request_Http))
#4 C:\Users\banderso\Desktop\PROJECTS\php-code-challenge\xbox\library\Zend\Controller\Front.php(965): Zend_Controller_Plugin_Broker->postDispatch(Object(Zend_Controller_Request_Http))
#5 C:\Users\banderso\Desktop\PROJECTS\php-code-challenge\xbox\library\Zend\Application\Bootstrap\Bootstrap.php(97): Zend_Controller_Front->dispatch()
#6 C:\Users\banderso\Desktop\PROJECTS\php-code-challenge\xbox\library\Zend\Application.php(366): Zend_Application_Bootstrap_Bootstrap->run()
#7 C:\Users\banderso\Desktop\PROJECTS\php-code-challenge\xbox\public\index.php(26): Zend_Application->run()
#8 {main}
2012-09-27T21:48:43+02:00 CRIT (2): exception 'Zend_View_Exception' with message 'script 'api----/index.phtml' not found in path (C:/Users/banderso/Desktop/PROJECTS/php-code-challenge/xbox/application/views\scripts/)' in C:\Users\banderso\Desktop\PROJECTS\php-code-challenge\xbox\library\Zend\View\Abstract.php:988
Stack trace:
#0 C:\Users\banderso\Desktop\PROJECTS\php-code-challenge\xbox\library\Zend\View\Abstract.php(884): Zend_View_Abstract->_script('api----/index.p...')
#1 C:\Users\banderso\Desktop\PROJECTS\php-code-challenge\xbox\library\Zend\Controller\Action\Helper\ViewRenderer.php(900): Zend_View_Abstract->render('api----/index.p...')
#2 C:\Users\banderso\Desktop\PROJECTS\php-code-challenge\xbox\library\Zend\Controller\Action\Helper\ViewRenderer.php(921): Zend_Controller_Action_Helper_ViewRenderer->renderScript('api----/index.p...', NULL)
#3 C:\Users\banderso\Desktop\PROJECTS\php-code-challenge\xbox\library\Zend\Controller\Action\Helper\ViewRenderer.php(960): Zend_Controller_Action_Helper_ViewRenderer->render()
#4 C:\Users\banderso\Desktop\PROJECTS\php-code-challenge\xbox\library\Zend\Controller\Action\HelperBroker.php(277): Zend_Controller_Action_Helper_ViewRenderer->postDispatch()
#5 C:\Users\banderso\Desktop\PROJECTS\php-code-challenge\xbox\library\Zend\Controller\Action.php(527): Zend_Controller_Action_HelperBroker->notifyPostDispatch()
#6 C:\Users\banderso\Desktop\PROJECTS\php-code-challenge\xbox\library\Zend\Controller\Dispatcher\Standard.php(295): Zend_Controller_Action->dispatch('indexAction')
#7 C:\Users\banderso\Desktop\PROJECTS\php-code-challenge\xbox\library\Zend\Controller\Front.php(954): Zend_Controller_Dispatcher_Standard->dispatch(Object(Zend_Controller_Request_Http), Object(Zend_Controller_Response_Http))
#8 C:\Users\banderso\Desktop\PROJECTS\php-code-challenge\xbox\library\Zend\Application\Bootstrap\Bootstrap.php(97): Zend_Controller_Front->dispatch()
#9 C:\Users\banderso\Desktop\PROJECTS\php-code-challenge\xbox\library\Zend\Application.php(366): Zend_Application_Bootstrap_Bootstrap->run()
#10 C:\Users\banderso\Desktop\PROJECTS\php-code-challenge\xbox\public\index.php(26): Zend_Application->run()
#11 {main}
2012-09-27T21:49:47+02:00 CRIT (2): exception 'Zend_View_Exception' with message 'script 'api----/index.phtml' not found in path (C:/Users/banderso/Desktop/PROJECTS/php-code-challenge/xbox/application/views\scripts/)' in C:\Users\banderso\Desktop\PROJECTS\php-code-challenge\xbox\library\Zend\View\Abstract.php:988
Stack trace:
#0 C:\Users\banderso\Desktop\PROJECTS\php-code-challenge\xbox\library\Zend\View\Abstract.php(884): Zend_View_Abstract->_script('api----/index.p...')
#1 C:\Users\banderso\Desktop\PROJECTS\php-code-challenge\xbox\library\Zend\Controller\Action\Helper\ViewRenderer.php(900): Zend_View_Abstract->render('api----/index.p...')
#2 C:\Users\banderso\Desktop\PROJECTS\php-code-challenge\xbox\library\Zend\Controller\Action\Helper\ViewRenderer.php(921): Zend_Controller_Action_Helper_ViewRenderer->renderScript('api----/index.p...', NULL)
#3 C:\Users\banderso\Desktop\PROJECTS\php-code-challenge\xbox\library\Zend\Controller\Action\Helper\ViewRenderer.php(960): Zend_Controller_Action_Helper_ViewRenderer->render()
#4 C:\Users\banderso\Desktop\PROJECTS\php-code-challenge\xbox\library\Zend\Controller\Action\HelperBroker.php(277): Zend_Controller_Action_Helper_ViewRenderer->postDispatch()
#5 C:\Users\banderso\Desktop\PROJECTS\php-code-challenge\xbox\library\Zend\Controller\Action.php(527): Zend_Controller_Action_HelperBroker->notifyPostDispatch()
#6 C:\Users\banderso\Desktop\PROJECTS\php-code-challenge\xbox\library\Zend\Controller\Dispatcher\Standard.php(295): Zend_Controller_Action->dispatch('indexAction')
#7 C:\Users\banderso\Desktop\PROJECTS\php-code-challenge\xbox\library\Zend\Controller\Front.php(954): Zend_Controller_Dispatcher_Standard->dispatch(Object(Zend_Controller_Request_Http), Object(Zend_Controller_Response_Http))
#8 C:\Users\banderso\Desktop\PROJECTS\php-code-challenge\xbox\library\Zend\Application\Bootstrap\Bootstrap.php(97): Zend_Controller_Front->dispatch()
#9 C:\Users\banderso\Desktop\PROJECTS\php-code-challenge\xbox\library\Zend\Application.php(366): Zend_Application_Bootstrap_Bootstrap->run()
#10 C:\Users\banderso\Desktop\PROJECTS\php-code-challenge\xbox\public\index.php(26): Zend_Application->run()
#11 {main}
2012-09-27T21:50:31+02:00 CRIT (2): exception 'Zend_View_Exception' with message 'script 'api----/index.phtml' not found in path (C:/Users/banderso/Desktop/PROJECTS/php-code-challenge/xbox/application/views\scripts/)' in C:\Users\banderso\Desktop\PROJECTS\php-code-challenge\xbox\library\Zend\View\Abstract.php:988
Stack trace:
#0 C:\Users\banderso\Desktop\PROJECTS\php-code-challenge\xbox\library\Zend\View\Abstract.php(884): Zend_View_Abstract->_script('api----/index.p...')
#1 C:\Users\banderso\Desktop\PROJECTS\php-code-challenge\xbox\library\Zend\Controller\Action\Helper\ViewRenderer.php(900): Zend_View_Abstract->render('api----/index.p...')
#2 C:\Users\banderso\Desktop\PROJECTS\php-code-challenge\xbox\library\Zend\Controller\Action\Helper\ViewRenderer.php(921): Zend_Controller_Action_Helper_ViewRenderer->renderScript('api----/index.p...', NULL)
#3 C:\Users\banderso\Desktop\PROJECTS\php-code-challenge\xbox\library\Zend\Controller\Action\Helper\ViewRenderer.php(960): Zend_Controller_Action_Helper_ViewRenderer->render()
#4 C:\Users\banderso\Desktop\PROJECTS\php-code-challenge\xbox\library\Zend\Controller\Action\HelperBroker.php(277): Zend_Controller_Action_Helper_ViewRenderer->postDispatch()
#5 C:\Users\banderso\Desktop\PROJECTS\php-code-challenge\xbox\library\Zend\Controller\Action.php(527): Zend_Controller_Action_HelperBroker->notifyPostDispatch()
#6 C:\Users\banderso\Desktop\PROJECTS\php-code-challenge\xbox\library\Zend\Controller\Dispatcher\Standard.php(295): Zend_Controller_Action->dispatch('indexAction')
#7 C:\Users\banderso\Desktop\PROJECTS\php-code-challenge\xbox\library\Zend\Controller\Front.php(954): Zend_Controller_Dispatcher_Standard->dispatch(Object(Zend_Controller_Request_Http), Object(Zend_Controller_Response_Http))
#8 C:\Users\banderso\Desktop\PROJECTS\php-code-challenge\xbox\library\Zend\Application\Bootstrap\Bootstrap.php(97): Zend_Controller_Front->dispatch()
#9 C:\Users\banderso\Desktop\PROJECTS\php-code-challenge\xbox\library\Zend\Application.php(366): Zend_Application_Bootstrap_Bootstrap->run()
#10 C:\Users\banderso\Desktop\PROJECTS\php-code-challenge\xbox\public\index.php(26): Zend_Application->run()
#11 {main}
2012-09-27T22:05:59+02:00 NOTICE (5): Page Not Found: /php-code-challenge/xbox/public/assets/scripts/api.js - Invalid controller specified (assets)
2012-09-27T22:10:38+02:00 CRIT (2): exception 'Zend_View_Exception' with message 'script 'api--/index.phtml' not found in path (C:/Users/banderso/Desktop/PROJECTS/php-code-challenge/xbox/application/views\scripts/)' in C:\Users\banderso\Desktop\PROJECTS\php-code-challenge\xbox\library\Zend\View\Abstract.php:988
Stack trace:
#0 C:\Users\banderso\Desktop\PROJECTS\php-code-challenge\xbox\library\Zend\View\Abstract.php(884): Zend_View_Abstract->_script('api--/index.pht...')
#1 C:\Users\banderso\Desktop\PROJECTS\php-code-challenge\xbox\library\Zend\Controller\Action\Helper\ViewRenderer.php(900): Zend_View_Abstract->render('api--/index.pht...')
#2 C:\Users\banderso\Desktop\PROJECTS\php-code-challenge\xbox\library\Zend\Controller\Action\Helper\ViewRenderer.php(921): Zend_Controller_Action_Helper_ViewRenderer->renderScript('api--/index.pht...', NULL)
#3 C:\Users\banderso\Desktop\PROJECTS\php-code-challenge\xbox\library\Zend\Controller\Action\Helper\ViewRenderer.php(960): Zend_Controller_Action_Helper_ViewRenderer->render()
#4 C:\Users\banderso\Desktop\PROJECTS\php-code-challenge\xbox\library\Zend\Controller\Action\HelperBroker.php(277): Zend_Controller_Action_Helper_ViewRenderer->postDispatch()
#5 C:\Users\banderso\Desktop\PROJECTS\php-code-challenge\xbox\library\Zend\Controller\Action.php(527): Zend_Controller_Action_HelperBroker->notifyPostDispatch()
#6 C:\Users\banderso\Desktop\PROJECTS\php-code-challenge\xbox\library\Zend\Controller\Dispatcher\Standard.php(295): Zend_Controller_Action->dispatch('indexAction')
#7 C:\Users\banderso\Desktop\PROJECTS\php-code-challenge\xbox\library\Zend\Controller\Front.php(954): Zend_Controller_Dispatcher_Standard->dispatch(Object(Zend_Controller_Request_Http), Object(Zend_Controller_Response_Http))
#8 C:\Users\banderso\Desktop\PROJECTS\php-code-challenge\xbox\library\Zend\Application\Bootstrap\Bootstrap.php(97): Zend_Controller_Front->dispatch()
#9 C:\Users\banderso\Desktop\PROJECTS\php-code-challenge\xbox\library\Zend\Application.php(366): Zend_Application_Bootstrap_Bootstrap->run()
#10 C:\Users\banderso\Desktop\PROJECTS\php-code-challenge\xbox\public\index.php(26): Zend_Application->run()
#11 {main}
2012-09-27T22:11:14+02:00 CRIT (2): exception 'Zend_View_Exception' with message 'script 'api--/index.phtml' not found in path (C:/Users/banderso/Desktop/PROJECTS/php-code-challenge/xbox/application/views\scripts/)' in C:\Users\banderso\Desktop\PROJECTS\php-code-challenge\xbox\library\Zend\View\Abstract.php:988
Stack trace:
#0 C:\Users\banderso\Desktop\PROJECTS\php-code-challenge\xbox\library\Zend\View\Abstract.php(884): Zend_View_Abstract->_script('api--/index.pht...')
#1 C:\Users\banderso\Desktop\PROJECTS\php-code-challenge\xbox\library\Zend\Controller\Action\Helper\ViewRenderer.php(900): Zend_View_Abstract->render('api--/index.pht...')
#2 C:\Users\banderso\Desktop\PROJECTS\php-code-challenge\xbox\library\Zend\Controller\Action\Helper\ViewRenderer.php(921): Zend_Controller_Action_Helper_ViewRenderer->renderScript('api--/index.pht...', NULL)
#3 C:\Users\banderso\Desktop\PROJECTS\php-code-challenge\xbox\library\Zend\Controller\Action\Helper\ViewRenderer.php(960): Zend_Controller_Action_Helper_ViewRenderer->render()
#4 C:\Users\banderso\Desktop\PROJECTS\php-code-challenge\xbox\library\Zend\Controller\Action\HelperBroker.php(277): Zend_Controller_Action_Helper_ViewRenderer->postDispatch()
#5 C:\Users\banderso\Desktop\PROJECTS\php-code-challenge\xbox\library\Zend\Controller\Action.php(527): Zend_Controller_Action_HelperBroker->notifyPostDispatch()
#6 C:\Users\banderso\Desktop\PROJECTS\php-code-challenge\xbox\library\Zend\Controller\Dispatcher\Standard.php(295): Zend_Controller_Action->dispatch('indexAction')
#7 C:\Users\banderso\Desktop\PROJECTS\php-code-challenge\xbox\library\Zend\Controller\Front.php(954): Zend_Controller_Dispatcher_Standard->dispatch(Object(Zend_Controller_Request_Http), Object(Zend_Controller_Response_Http))
#8 C:\Users\banderso\Desktop\PROJECTS\php-code-challenge\xbox\library\Zend\Application\Bootstrap\Bootstrap.php(97): Zend_Controller_Front->dispatch()
#9 C:\Users\banderso\Desktop\PROJECTS\php-code-challenge\xbox\library\Zend\Application.php(366): Zend_Application_Bootstrap_Bootstrap->run()
#10 C:\Users\banderso\Desktop\PROJECTS\php-code-challenge\xbox\public\index.php(26): Zend_Application->run()
#11 {main}
2012-09-27T22:11:45+02:00 CRIT (2): exception 'Zend_View_Exception' with message 'script 'api--/index.phtml' not found in path (C:/Users/banderso/Desktop/PROJECTS/php-code-challenge/xbox/application/views\scripts/)' in C:\Users\banderso\Desktop\PROJECTS\php-code-challenge\xbox\library\Zend\View\Abstract.php:988
Stack trace:
#0 C:\Users\banderso\Desktop\PROJECTS\php-code-challenge\xbox\library\Zend\View\Abstract.php(884): Zend_View_Abstract->_script('api--/index.pht...')
#1 C:\Users\banderso\Desktop\PROJECTS\php-code-challenge\xbox\library\Zend\Controller\Action\Helper\ViewRenderer.php(900): Zend_View_Abstract->render('api--/index.pht...')
#2 C:\Users\banderso\Desktop\PROJECTS\php-code-challenge\xbox\library\Zend\Controller\Action\Helper\ViewRenderer.php(921): Zend_Controller_Action_Helper_ViewRenderer->renderScript('api--/index.pht...', NULL)
#3 C:\Users\banderso\Desktop\PROJECTS\php-code-challenge\xbox\library\Zend\Controller\Action\Helper\ViewRenderer.php(960): Zend_Controller_Action_Helper_ViewRenderer->render()
#4 C:\Users\banderso\Desktop\PROJECTS\php-code-challenge\xbox\library\Zend\Controller\Action\HelperBroker.php(277): Zend_Controller_Action_Helper_ViewRenderer->postDispatch()
#5 C:\Users\banderso\Desktop\PROJECTS\php-code-challenge\xbox\library\Zend\Controller\Action.php(527): Zend_Controller_Action_HelperBroker->notifyPostDispatch()
#6 C:\Users\banderso\Desktop\PROJECTS\php-code-challenge\xbox\library\Zend\Controller\Dispatcher\Standard.php(295): Zend_Controller_Action->dispatch('indexAction')
#7 C:\Users\banderso\Desktop\PROJECTS\php-code-challenge\xbox\library\Zend\Controller\Front.php(954): Zend_Controller_Dispatcher_Standard->dispatch(Object(Zend_Controller_Request_Http), Object(Zend_Controller_Response_Http))
#8 C:\Users\banderso\Desktop\PROJECTS\php-code-challenge\xbox\library\Zend\Application\Bootstrap\Bootstrap.php(97): Zend_Controller_Front->dispatch()
#9 C:\Users\banderso\Desktop\PROJECTS\php-code-challenge\xbox\library\Zend\Application.php(366): Zend_Application_Bootstrap_Bootstrap->run()
#10 C:\Users\banderso\Desktop\PROJECTS\php-code-challenge\xbox\public\index.php(26): Zend_Application->run()
#11 {main}
2012-09-27T22:12:45+02:00 CRIT (2): exception 'Zend_View_Exception' with message 'script 'api--/index.phtml' not found in path (C:/Users/banderso/Desktop/PROJECTS/php-code-challenge/xbox/application/views\scripts/)' in C:\Users\banderso\Desktop\PROJECTS\php-code-challenge\xbox\library\Zend\View\Abstract.php:988
Stack trace:
#0 C:\Users\banderso\Desktop\PROJECTS\php-code-challenge\xbox\library\Zend\View\Abstract.php(884): Zend_View_Abstract->_script('api--/index.pht...')
#1 C:\Users\banderso\Desktop\PROJECTS\php-code-challenge\xbox\library\Zend\Controller\Action\Helper\ViewRenderer.php(900): Zend_View_Abstract->render('api--/index.pht...')
#2 C:\Users\banderso\Desktop\PROJECTS\php-code-challenge\xbox\library\Zend\Controller\Action\Helper\ViewRenderer.php(921): Zend_Controller_Action_Helper_ViewRenderer->renderScript('api--/index.pht...', NULL)
#3 C:\Users\banderso\Desktop\PROJECTS\php-code-challenge\xbox\library\Zend\Controller\Action\Helper\ViewRenderer.php(960): Zend_Controller_Action_Helper_ViewRenderer->render()
#4 C:\Users\banderso\Desktop\PROJECTS\php-code-challenge\xbox\library\Zend\Controller\Action\HelperBroker.php(277): Zend_Controller_Action_Helper_ViewRenderer->postDispatch()
#5 C:\Users\banderso\Desktop\PROJECTS\php-code-challenge\xbox\library\Zend\Controller\Action.php(527): Zend_Controller_Action_HelperBroker->notifyPostDispatch()
#6 C:\Users\banderso\Desktop\PROJECTS\php-code-challenge\xbox\library\Zend\Controller\Dispatcher\Standard.php(295): Zend_Controller_Action->dispatch('indexAction')
#7 C:\Users\banderso\Desktop\PROJECTS\php-code-challenge\xbox\library\Zend\Controller\Front.php(954): Zend_Controller_Dispatcher_Standard->dispatch(Object(Zend_Controller_Request_Http), Object(Zend_Controller_Response_Http))
#8 C:\Users\banderso\Desktop\PROJECTS\php-code-challenge\xbox\library\Zend\Application\Bootstrap\Bootstrap.php(97): Zend_Controller_Front->dispatch()
#9 C:\Users\banderso\Desktop\PROJECTS\php-code-challenge\xbox\library\Zend\Application.php(366): Zend_Application_Bootstrap_Bootstrap->run()
#10 C:\Users\banderso\Desktop\PROJECTS\php-code-challenge\xbox\public\index.php(26): Zend_Application->run()
#11 {main}
2012-09-27T22:14:08+02:00 CRIT (2): exception 'Zend_View_Exception' with message 'script 'api--/index.phtml' not found in path (C:/Users/banderso/Desktop/PROJECTS/php-code-challenge/xbox/application/views\scripts/)' in C:\Users\banderso\Desktop\PROJECTS\php-code-challenge\xbox\library\Zend\View\Abstract.php:988
Stack trace:
#0 C:\Users\banderso\Desktop\PROJECTS\php-code-challenge\xbox\library\Zend\View\Abstract.php(884): Zend_View_Abstract->_script('api--/index.pht...')
#1 C:\Users\banderso\Desktop\PROJECTS\php-code-challenge\xbox\library\Zend\Controller\Action\Helper\ViewRenderer.php(900): Zend_View_Abstract->render('api--/index.pht...')
#2 C:\Users\banderso\Desktop\PROJECTS\php-code-challenge\xbox\library\Zend\Controller\Action\Helper\ViewRenderer.php(921): Zend_Controller_Action_Helper_ViewRenderer->renderScript('api--/index.pht...', NULL)
#3 C:\Users\banderso\Desktop\PROJECTS\php-code-challenge\xbox\library\Zend\Controller\Action\Helper\ViewRenderer.php(960): Zend_Controller_Action_Helper_ViewRenderer->render()
#4 C:\Users\banderso\Desktop\PROJECTS\php-code-challenge\xbox\library\Zend\Controller\Action\HelperBroker.php(277): Zend_Controller_Action_Helper_ViewRenderer->postDispatch()
#5 C:\Users\banderso\Desktop\PROJECTS\php-code-challenge\xbox\library\Zend\Controller\Action.php(527): Zend_Controller_Action_HelperBroker->notifyPostDispatch()
#6 C:\Users\banderso\Desktop\PROJECTS\php-code-challenge\xbox\library\Zend\Controller\Dispatcher\Standard.php(295): Zend_Controller_Action->dispatch('indexAction')
#7 C:\Users\banderso\Desktop\PROJECTS\php-code-challenge\xbox\library\Zend\Controller\Front.php(954): Zend_Controller_Dispatcher_Standard->dispatch(Object(Zend_Controller_Request_Http), Object(Zend_Controller_Response_Http))
#8 C:\Users\banderso\Desktop\PROJECTS\php-code-challenge\xbox\library\Zend\Application\Bootstrap\Bootstrap.php(97): Zend_Controller_Front->dispatch()
#9 C:\Users\banderso\Desktop\PROJECTS\php-code-challenge\xbox\library\Zend\Application.php(366): Zend_Application_Bootstrap_Bootstrap->run()
#10 C:\Users\banderso\Desktop\PROJECTS\php-code-challenge\xbox\public\index.php(26): Zend_Application->run()
#11 {main}
2012-09-27T23:07:06+02:00 CRIT (2): exception 'Zend_View_Exception' with message 'script 'api--/index.phtml' not found in path (C:/Users/banderso/Desktop/PROJECTS/php-code-challenge/xbox/application/views\scripts/)' in C:\Users\banderso\Desktop\PROJECTS\php-code-challenge\xbox\library\Zend\View\Abstract.php:988
Stack trace:
#0 C:\Users\banderso\Desktop\PROJECTS\php-code-challenge\xbox\library\Zend\View\Abstract.php(884): Zend_View_Abstract->_script('api--/index.pht...')
#1 C:\Users\banderso\Desktop\PROJECTS\php-code-challenge\xbox\library\Zend\Controller\Action\Helper\ViewRenderer.php(900): Zend_View_Abstract->render('api--/index.pht...')
#2 C:\Users\banderso\Desktop\PROJECTS\php-code-challenge\xbox\library\Zend\Controller\Action\Helper\ViewRenderer.php(921): Zend_Controller_Action_Helper_ViewRenderer->renderScript('api--/index.pht...', NULL)
#3 C:\Users\banderso\Desktop\PROJECTS\php-code-challenge\xbox\library\Zend\Controller\Action\Helper\ViewRenderer.php(960): Zend_Controller_Action_Helper_ViewRenderer->render()
#4 C:\Users\banderso\Desktop\PROJECTS\php-code-challenge\xbox\library\Zend\Controller\Action\HelperBroker.php(277): Zend_Controller_Action_Helper_ViewRenderer->postDispatch()
#5 C:\Users\banderso\Desktop\PROJECTS\php-code-challenge\xbox\library\Zend\Controller\Action.php(527): Zend_Controller_Action_HelperBroker->notifyPostDispatch()
#6 C:\Users\banderso\Desktop\PROJECTS\php-code-challenge\xbox\library\Zend\Controller\Dispatcher\Standard.php(295): Zend_Controller_Action->dispatch('indexAction')
#7 C:\Users\banderso\Desktop\PROJECTS\php-code-challenge\xbox\library\Zend\Controller\Front.php(954): Zend_Controller_Dispatcher_Standard->dispatch(Object(Zend_Controller_Request_Http), Object(Zend_Controller_Response_Http))
#8 C:\Users\banderso\Desktop\PROJECTS\php-code-challenge\xbox\library\Zend\Application\Bootstrap\Bootstrap.php(97): Zend_Controller_Front->dispatch()
#9 C:\Users\banderso\Desktop\PROJECTS\php-code-challenge\xbox\library\Zend\Application.php(366): Zend_Application_Bootstrap_Bootstrap->run()
#10 C:\Users\banderso\Desktop\PROJECTS\php-code-challenge\xbox\public\index.php(26): Zend_Application->run()
#11 {main}
2012-09-27T23:09:10+02:00 CRIT (2): exception 'Zend_View_Exception' with message 'script 'api--/index.phtml' not found in path (C:/Users/banderso/Desktop/PROJECTS/php-code-challenge/xbox/application/views\scripts/)' in C:\Users\banderso\Desktop\PROJECTS\php-code-challenge\xbox\library\Zend\View\Abstract.php:988
Stack trace:
#0 C:\Users\banderso\Desktop\PROJECTS\php-code-challenge\xbox\library\Zend\View\Abstract.php(884): Zend_View_Abstract->_script('api--/index.pht...')
#1 C:\Users\banderso\Desktop\PROJECTS\php-code-challenge\xbox\library\Zend\Controller\Action\Helper\ViewRenderer.php(900): Zend_View_Abstract->render('api--/index.pht...')
#2 C:\Users\banderso\Desktop\PROJECTS\php-code-challenge\xbox\library\Zend\Controller\Action\Helper\ViewRenderer.php(921): Zend_Controller_Action_Helper_ViewRenderer->renderScript('api--/index.pht...', NULL)
#3 C:\Users\banderso\Desktop\PROJECTS\php-code-challenge\xbox\library\Zend\Controller\Action\Helper\ViewRenderer.php(960): Zend_Controller_Action_Helper_ViewRenderer->render()
#4 C:\Users\banderso\Desktop\PROJECTS\php-code-challenge\xbox\library\Zend\Controller\Action\HelperBroker.php(277): Zend_Controller_Action_Helper_ViewRenderer->postDispatch()
#5 C:\Users\banderso\Desktop\PROJECTS\php-code-challenge\xbox\library\Zend\Controller\Action.php(527): Zend_Controller_Action_HelperBroker->notifyPostDispatch()
#6 C:\Users\banderso\Desktop\PROJECTS\php-code-challenge\xbox\library\Zend\Controller\Dispatcher\Standard.php(295): Zend_Controller_Action->dispatch('indexAction')
#7 C:\Users\banderso\Desktop\PROJECTS\php-code-challenge\xbox\library\Zend\Controller\Front.php(954): Zend_Controller_Dispatcher_Standard->dispatch(Object(Zend_Controller_Request_Http), Object(Zend_Controller_Response_Http))
#8 C:\Users\banderso\Desktop\PROJECTS\php-code-challenge\xbox\library\Zend\Application\Bootstrap\Bootstrap.php(97): Zend_Controller_Front->dispatch()
#9 C:\Users\banderso\Desktop\PROJECTS\php-code-challenge\xbox\library\Zend\Application.php(366): Zend_Application_Bootstrap_Bootstrap->run()
#10 C:\Users\banderso\Desktop\PROJECTS\php-code-challenge\xbox\public\index.php(26): Zend_Application->run()
#11 {main}
2012-09-27T23:18:30+02:00 CRIT (2): exception 'Zend_View_Exception' with message 'script 'api--/index.phtml' not found in path (C:/Users/banderso/Desktop/PROJECTS/php-code-challenge/xbox/application/views\scripts/)' in C:\Users\banderso\Desktop\PROJECTS\php-code-challenge\xbox\library\Zend\View\Abstract.php:988
Stack trace:
#0 C:\Users\banderso\Desktop\PROJECTS\php-code-challenge\xbox\library\Zend\View\Abstract.php(884): Zend_View_Abstract->_script('api--/index.pht...')
#1 C:\Users\banderso\Desktop\PROJECTS\php-code-challenge\xbox\library\Zend\Controller\Action\Helper\ViewRenderer.php(900): Zend_View_Abstract->render('api--/index.pht...')
#2 C:\Users\banderso\Desktop\PROJECTS\php-code-challenge\xbox\library\Zend\Controller\Action\Helper\ViewRenderer.php(921): Zend_Controller_Action_Helper_ViewRenderer->renderScript('api--/index.pht...', NULL)
#3 C:\Users\banderso\Desktop\PROJECTS\php-code-challenge\xbox\library\Zend\Controller\Action\Helper\ViewRenderer.php(960): Zend_Controller_Action_Helper_ViewRenderer->render()
#4 C:\Users\banderso\Desktop\PROJECTS\php-code-challenge\xbox\library\Zend\Controller\Action\HelperBroker.php(277): Zend_Controller_Action_Helper_ViewRenderer->postDispatch()
#5 C:\Users\banderso\Desktop\PROJECTS\php-code-challenge\xbox\library\Zend\Controller\Action.php(527): Zend_Controller_Action_HelperBroker->notifyPostDispatch()
#6 C:\Users\banderso\Desktop\PROJECTS\php-code-challenge\xbox\library\Zend\Controller\Dispatcher\Standard.php(295): Zend_Controller_Action->dispatch('indexAction')
#7 C:\Users\banderso\Desktop\PROJECTS\php-code-challenge\xbox\library\Zend\Controller\Front.php(954): Zend_Controller_Dispatcher_Standard->dispatch(Object(Zend_Controller_Request_Http), Object(Zend_Controller_Response_Http))
#8 C:\Users\banderso\Desktop\PROJECTS\php-code-challenge\xbox\library\Zend\Application\Bootstrap\Bootstrap.php(97): Zend_Controller_Front->dispatch()
#9 C:\Users\banderso\Desktop\PROJECTS\php-code-challenge\xbox\library\Zend\Application.php(366): Zend_Application_Bootstrap_Bootstrap->run()
#10 C:\Users\banderso\Desktop\PROJECTS\php-code-challenge\xbox\public\index.php(26): Zend_Application->run()
#11 {main}
2012-09-27T23:18:49+02:00 CRIT (2): exception 'Zend_View_Exception' with message 'script 'api--/index.phtml' not found in path (C:/Users/banderso/Desktop/PROJECTS/php-code-challenge/xbox/application/views\scripts/)' in C:\Users\banderso\Desktop\PROJECTS\php-code-challenge\xbox\library\Zend\View\Abstract.php:988
Stack trace:
#0 C:\Users\banderso\Desktop\PROJECTS\php-code-challenge\xbox\library\Zend\View\Abstract.php(884): Zend_View_Abstract->_script('api--/index.pht...')
#1 C:\Users\banderso\Desktop\PROJECTS\php-code-challenge\xbox\library\Zend\Controller\Action\Helper\ViewRenderer.php(900): Zend_View_Abstract->render('api--/index.pht...')
#2 C:\Users\banderso\Desktop\PROJECTS\php-code-challenge\xbox\library\Zend\Controller\Action\Helper\ViewRenderer.php(921): Zend_Controller_Action_Helper_ViewRenderer->renderScript('api--/index.pht...', NULL)
#3 C:\Users\banderso\Desktop\PROJECTS\php-code-challenge\xbox\library\Zend\Controller\Action\Helper\ViewRenderer.php(960): Zend_Controller_Action_Helper_ViewRenderer->render()
#4 C:\Users\banderso\Desktop\PROJECTS\php-code-challenge\xbox\library\Zend\Controller\Action\HelperBroker.php(277): Zend_Controller_Action_Helper_ViewRenderer->postDispatch()
#5 C:\Users\banderso\Desktop\PROJECTS\php-code-challenge\xbox\library\Zend\Controller\Action.php(527): Zend_Controller_Action_HelperBroker->notifyPostDispatch()
#6 C:\Users\banderso\Desktop\PROJECTS\php-code-challenge\xbox\library\Zend\Controller\Dispatcher\Standard.php(295): Zend_Controller_Action->dispatch('indexAction')
#7 C:\Users\banderso\Desktop\PROJECTS\php-code-challenge\xbox\library\Zend\Controller\Front.php(954): Zend_Controller_Dispatcher_Standard->dispatch(Object(Zend_Controller_Request_Http), Object(Zend_Controller_Response_Http))
#8 C:\Users\banderso\Desktop\PROJECTS\php-code-challenge\xbox\library\Zend\Application\Bootstrap\Bootstrap.php(97): Zend_Controller_Front->dispatch()
#9 C:\Users\banderso\Desktop\PROJECTS\php-code-challenge\xbox\library\Zend\Application.php(366): Zend_Application_Bootstrap_Bootstrap->run()
#10 C:\Users\banderso\Desktop\PROJECTS\php-code-challenge\xbox\public\index.php(26): Zend_Application->run()
#11 {main}
2012-09-27T23:39:58+02:00 CRIT (2): exception 'Zend_View_Exception' with message 'script 'api--/index.phtml' not found in path (C:/Users/banderso/Desktop/PROJECTS/php-code-challenge/xbox/application/views\scripts/)' in C:\Users\banderso\Desktop\PROJECTS\php-code-challenge\xbox\library\Zend\View\Abstract.php:988
Stack trace:
#0 C:\Users\banderso\Desktop\PROJECTS\php-code-challenge\xbox\library\Zend\View\Abstract.php(884): Zend_View_Abstract->_script('api--/index.pht...')
#1 C:\Users\banderso\Desktop\PROJECTS\php-code-challenge\xbox\library\Zend\Controller\Action\Helper\ViewRenderer.php(900): Zend_View_Abstract->render('api--/index.pht...')
#2 C:\Users\banderso\Desktop\PROJECTS\php-code-challenge\xbox\library\Zend\Controller\Action\Helper\ViewRenderer.php(921): Zend_Controller_Action_Helper_ViewRenderer->renderScript('api--/index.pht...', NULL)
#3 C:\Users\banderso\Desktop\PROJECTS\php-code-challenge\xbox\library\Zend\Controller\Action\Helper\ViewRenderer.php(960): Zend_Controller_Action_Helper_ViewRenderer->render()
#4 C:\Users\banderso\Desktop\PROJECTS\php-code-challenge\xbox\library\Zend\Controller\Action\HelperBroker.php(277): Zend_Controller_Action_Helper_ViewRenderer->postDispatch()
#5 C:\Users\banderso\Desktop\PROJECTS\php-code-challenge\xbox\library\Zend\Controller\Action.php(527): Zend_Controller_Action_HelperBroker->notifyPostDispatch()
#6 C:\Users\banderso\Desktop\PROJECTS\php-code-challenge\xbox\library\Zend\Controller\Dispatcher\Standard.php(295): Zend_Controller_Action->dispatch('indexAction')
#7 C:\Users\banderso\Desktop\PROJECTS\php-code-challenge\xbox\library\Zend\Controller\Front.php(954): Zend_Controller_Dispatcher_Standard->dispatch(Object(Zend_Controller_Request_Http), Object(Zend_Controller_Response_Http))
#8 C:\Users\banderso\Desktop\PROJECTS\php-code-challenge\xbox\library\Zend\Application\Bootstrap\Bootstrap.php(97): Zend_Controller_Front->dispatch()
#9 C:\Users\banderso\Desktop\PROJECTS\php-code-challenge\xbox\library\Zend\Application.php(366): Zend_Application_Bootstrap_Bootstrap->run()
#10 C:\Users\banderso\Desktop\PROJECTS\php-code-challenge\xbox\public\index.php(26): Zend_Application->run()
#11 {main}
2012-09-27T23:40:33+02:00 CRIT (2): exception 'Zend_View_Exception' with message 'script 'api--/index.phtml' not found in path (C:/Users/banderso/Desktop/PROJECTS/php-code-challenge/xbox/application/views\scripts/)' in C:\Users\banderso\Desktop\PROJECTS\php-code-challenge\xbox\library\Zend\View\Abstract.php:988
Stack trace:
#0 C:\Users\banderso\Desktop\PROJECTS\php-code-challenge\xbox\library\Zend\View\Abstract.php(884): Zend_View_Abstract->_script('api--/index.pht...')
#1 C:\Users\banderso\Desktop\PROJECTS\php-code-challenge\xbox\library\Zend\Controller\Action\Helper\ViewRenderer.php(900): Zend_View_Abstract->render('api--/index.pht...')
#2 C:\Users\banderso\Desktop\PROJECTS\php-code-challenge\xbox\library\Zend\Controller\Action\Helper\ViewRenderer.php(921): Zend_Controller_Action_Helper_ViewRenderer->renderScript('api--/index.pht...', NULL)
#3 C:\Users\banderso\Desktop\PROJECTS\php-code-challenge\xbox\library\Zend\Controller\Action\Helper\ViewRenderer.php(960): Zend_Controller_Action_Helper_ViewRenderer->render()
#4 C:\Users\banderso\Desktop\PROJECTS\php-code-challenge\xbox\library\Zend\Controller\Action\HelperBroker.php(277): Zend_Controller_Action_Helper_ViewRenderer->postDispatch()
#5 C:\Users\banderso\Desktop\PROJECTS\php-code-challenge\xbox\library\Zend\Controller\Action.php(527): Zend_Controller_Action_HelperBroker->notifyPostDispatch()
#6 C:\Users\banderso\Desktop\PROJECTS\php-code-challenge\xbox\library\Zend\Controller\Dispatcher\Standard.php(295): Zend_Controller_Action->dispatch('indexAction')
#7 C:\Users\banderso\Desktop\PROJECTS\php-code-challenge\xbox\library\Zend\Controller\Front.php(954): Zend_Controller_Dispatcher_Standard->dispatch(Object(Zend_Controller_Request_Http), Object(Zend_Controller_Response_Http))
#8 C:\Users\banderso\Desktop\PROJECTS\php-code-challenge\xbox\library\Zend\Application\Bootstrap\Bootstrap.php(97): Zend_Controller_Front->dispatch()
#9 C:\Users\banderso\Desktop\PROJECTS\php-code-challenge\xbox\library\Zend\Application.php(366): Zend_Application_Bootstrap_Bootstrap->run()
#10 C:\Users\banderso\Desktop\PROJECTS\php-code-challenge\xbox\public\index.php(26): Zend_Application->run()
#11 {main}
2012-09-27T23:41:36+02:00 CRIT (2): exception 'Zend_View_Exception' with message 'script 'api--/index.phtml' not found in path (C:/Users/banderso/Desktop/PROJECTS/php-code-challenge/xbox/application/views\scripts/)' in C:\Users\banderso\Desktop\PROJECTS\php-code-challenge\xbox\library\Zend\View\Abstract.php:988
Stack trace:
#0 C:\Users\banderso\Desktop\PROJECTS\php-code-challenge\xbox\library\Zend\View\Abstract.php(884): Zend_View_Abstract->_script('api--/index.pht...')
#1 C:\Users\banderso\Desktop\PROJECTS\php-code-challenge\xbox\library\Zend\Controller\Action\Helper\ViewRenderer.php(900): Zend_View_Abstract->render('api--/index.pht...')
#2 C:\Users\banderso\Desktop\PROJECTS\php-code-challenge\xbox\library\Zend\Controller\Action\Helper\ViewRenderer.php(921): Zend_Controller_Action_Helper_ViewRenderer->renderScript('api--/index.pht...', NULL)
#3 C:\Users\banderso\Desktop\PROJECTS\php-code-challenge\xbox\library\Zend\Controller\Action\Helper\ViewRenderer.php(960): Zend_Controller_Action_Helper_ViewRenderer->render()
#4 C:\Users\banderso\Desktop\PROJECTS\php-code-challenge\xbox\library\Zend\Controller\Action\HelperBroker.php(277): Zend_Controller_Action_Helper_ViewRenderer->postDispatch()
#5 C:\Users\banderso\Desktop\PROJECTS\php-code-challenge\xbox\library\Zend\Controller\Action.php(527): Zend_Controller_Action_HelperBroker->notifyPostDispatch()
#6 C:\Users\banderso\Desktop\PROJECTS\php-code-challenge\xbox\library\Zend\Controller\Dispatcher\Standard.php(295): Zend_Controller_Action->dispatch('indexAction')
#7 C:\Users\banderso\Desktop\PROJECTS\php-code-challenge\xbox\library\Zend\Controller\Front.php(954): Zend_Controller_Dispatcher_Standard->dispatch(Object(Zend_Controller_Request_Http), Object(Zend_Controller_Response_Http))
#8 C:\Users\banderso\Desktop\PROJECTS\php-code-challenge\xbox\library\Zend\Application\Bootstrap\Bootstrap.php(97): Zend_Controller_Front->dispatch()
#9 C:\Users\banderso\Desktop\PROJECTS\php-code-challenge\xbox\library\Zend\Application.php(366): Zend_Application_Bootstrap_Bootstrap->run()
#10 C:\Users\banderso\Desktop\PROJECTS\php-code-challenge\xbox\public\index.php(26): Zend_Application->run()
#11 {main}
2012-09-27T23:41:50+02:00 CRIT (2): exception 'Zend_View_Exception' with message 'script 'api--/index.phtml' not found in path (C:/Users/banderso/Desktop/PROJECTS/php-code-challenge/xbox/application/views\scripts/)' in C:\Users\banderso\Desktop\PROJECTS\php-code-challenge\xbox\library\Zend\View\Abstract.php:988
Stack trace:
#0 C:\Users\banderso\Desktop\PROJECTS\php-code-challenge\xbox\library\Zend\View\Abstract.php(884): Zend_View_Abstract->_script('api--/index.pht...')
#1 C:\Users\banderso\Desktop\PROJECTS\php-code-challenge\xbox\library\Zend\Controller\Action\Helper\ViewRenderer.php(900): Zend_View_Abstract->render('api--/index.pht...')
#2 C:\Users\banderso\Desktop\PROJECTS\php-code-challenge\xbox\library\Zend\Controller\Action\Helper\ViewRenderer.php(921): Zend_Controller_Action_Helper_ViewRenderer->renderScript('api--/index.pht...', NULL)
#3 C:\Users\banderso\Desktop\PROJECTS\php-code-challenge\xbox\library\Zend\Controller\Action\Helper\ViewRenderer.php(960): Zend_Controller_Action_Helper_ViewRenderer->render()
#4 C:\Users\banderso\Desktop\PROJECTS\php-code-challenge\xbox\library\Zend\Controller\Action\HelperBroker.php(277): Zend_Controller_Action_Helper_ViewRenderer->postDispatch()
#5 C:\Users\banderso\Desktop\PROJECTS\php-code-challenge\xbox\library\Zend\Controller\Action.php(527): Zend_Controller_Action_HelperBroker->notifyPostDispatch()
#6 C:\Users\banderso\Desktop\PROJECTS\php-code-challenge\xbox\library\Zend\Controller\Dispatcher\Standard.php(295): Zend_Controller_Action->dispatch('indexAction')
#7 C:\Users\banderso\Desktop\PROJECTS\php-code-challenge\xbox\library\Zend\Controller\Front.php(954): Zend_Controller_Dispatcher_Standard->dispatch(Object(Zend_Controller_Request_Http), Object(Zend_Controller_Response_Http))
#8 C:\Users\banderso\Desktop\PROJECTS\php-code-challenge\xbox\library\Zend\Application\Bootstrap\Bootstrap.php(97): Zend_Controller_Front->dispatch()
#9 C:\Users\banderso\Desktop\PROJECTS\php-code-challenge\xbox\library\Zend\Application.php(366): Zend_Application_Bootstrap_Bootstrap->run()
#10 C:\Users\banderso\Desktop\PROJECTS\php-code-challenge\xbox\public\index.php(26): Zend_Application->run()
#11 {main}
2012-09-28T00:30:43+02:00 CRIT (2): exception 'Zend_Loader_PluginLoader_Exception' with message 'Plugin by name 'ConnectToSoapServer' was not found in the registry; used paths:
Xbox_View_Helper_: Xbox/View/Helper/
Bear_View_Helper_: Bear/View/Helper/
Zend_View_Helper_: Zend/View/Helper/;C:/Users/banderso/Desktop/PROJECTS/php-code-challenge/xbox/application/views\helpers/' in C:\Users\banderso\Desktop\PROJECTS\php-code-challenge\xbox\library\Zend\Loader\PluginLoader.php:412
Stack trace:
#0 C:\Users\banderso\Desktop\PROJECTS\php-code-challenge\xbox\library\Zend\View\Abstract.php(1182): Zend_Loader_PluginLoader->load('ConnectToSoapSe...')
#1 C:\Users\banderso\Desktop\PROJECTS\php-code-challenge\xbox\library\Zend\View\Abstract.php(618): Zend_View_Abstract->_getPlugin('helper', 'connectToSoapSe...')
#2 C:\Users\banderso\Desktop\PROJECTS\php-code-challenge\xbox\library\Zend\View\Abstract.php(344): Zend_View_Abstract->getHelper('connectToSoapSe...')
#3 C:\Users\banderso\Desktop\PROJECTS\php-code-challenge\xbox\application\models\API.model.php(11): Zend_View_Abstract->__call('connectToSoapSe...', Array)
#4 C:\Users\banderso\Desktop\PROJECTS\php-code-challenge\xbox\application\models\API.model.php(11): Zend_View->connectToSoapServer()
#5 C:\Users\banderso\Desktop\PROJECTS\php-code-challenge\xbox\application\views\scripts\api\index.phtml(17): API->getGames()
#6 C:\Users\banderso\Desktop\PROJECTS\php-code-challenge\xbox\library\Zend\View.php(108): include('C:\Users\bander...')
#7 C:\Users\banderso\Desktop\PROJECTS\php-code-challenge\xbox\library\Zend\View\Abstract.php(888): Zend_View->_run('C:/Users/bander...')
#8 C:\Users\banderso\Desktop\PROJECTS\php-code-challenge\xbox\library\Zend\Controller\Action\Helper\ViewRenderer.php(900): Zend_View_Abstract->render('api/index.phtml')
#9 C:\Users\banderso\Desktop\PROJECTS\php-code-challenge\xbox\library\Zend\Controller\Action\Helper\ViewRenderer.php(921): Zend_Controller_Action_Helper_ViewRenderer->renderScript('api/index.phtml', NULL)
#10 C:\Users\banderso\Desktop\PROJECTS\php-code-challenge\xbox\library\Zend\Controller\Action\Helper\ViewRenderer.php(960): Zend_Controller_Action_Helper_ViewRenderer->render()
#11 C:\Users\banderso\Desktop\PROJECTS\php-code-challenge\xbox\library\Zend\Controller\Action\HelperBroker.php(277): Zend_Controller_Action_Helper_ViewRenderer->postDispatch()
#12 C:\Users\banderso\Desktop\PROJECTS\php-code-challenge\xbox\library\Zend\Controller\Action.php(527): Zend_Controller_Action_HelperBroker->notifyPostDispatch()
#13 C:\Users\banderso\Desktop\PROJECTS\php-code-challenge\xbox\library\Zend\Controller\Dispatcher\Standard.php(295): Zend_Controller_Action->dispatch('indexAction')
#14 C:\Users\banderso\Desktop\PROJECTS\php-code-challenge\xbox\library\Zend\Controller\Front.php(954): Zend_Controller_Dispatcher_Standard->dispatch(Object(Zend_Controller_Request_Http), Object(Zend_Controller_Response_Http))
#15 C:\Users\banderso\Desktop\PROJECTS\php-code-challenge\xbox\library\Zend\Application\Bootstrap\Bootstrap.php(97): Zend_Controller_Front->dispatch()
#16 C:\Users\banderso\Desktop\PROJECTS\php-code-challenge\xbox\library\Zend\Application.php(366): Zend_Application_Bootstrap_Bootstrap->run()
#17 C:\Users\banderso\Desktop\PROJECTS\php-code-challenge\xbox\public\index.php(26): Zend_Application->run()
#18 {main}
2012-09-28T00:30:47+02:00 CRIT (2): exception 'Zend_Loader_PluginLoader_Exception' with message 'Plugin by name 'ConnectToSoapServer' was not found in the registry; used paths:
Xbox_View_Helper_: Xbox/View/Helper/
Bear_View_Helper_: Bear/View/Helper/
Zend_View_Helper_: Zend/View/Helper/;C:/Users/banderso/Desktop/PROJECTS/php-code-challenge/xbox/application/views\helpers/' in C:\Users\banderso\Desktop\PROJECTS\php-code-challenge\xbox\library\Zend\Loader\PluginLoader.php:412
Stack trace:
#0 C:\Users\banderso\Desktop\PROJECTS\php-code-challenge\xbox\library\Zend\View\Abstract.php(1182): Zend_Loader_PluginLoader->load('ConnectToSoapSe...')
#1 C:\Users\banderso\Desktop\PROJECTS\php-code-challenge\xbox\library\Zend\View\Abstract.php(618): Zend_View_Abstract->_getPlugin('helper', 'connectToSoapSe...')
#2 C:\Users\banderso\Desktop\PROJECTS\php-code-challenge\xbox\library\Zend\View\Abstract.php(344): Zend_View_Abstract->getHelper('connectToSoapSe...')
#3 C:\Users\banderso\Desktop\PROJECTS\php-code-challenge\xbox\application\models\API.model.php(11): Zend_View_Abstract->__call('connectToSoapSe...', Array)
#4 C:\Users\banderso\Desktop\PROJECTS\php-code-challenge\xbox\application\models\API.model.php(11): Zend_View->connectToSoapServer()
#5 C:\Users\banderso\Desktop\PROJECTS\php-code-challenge\xbox\application\views\scripts\api\index.phtml(17): API->getGames()
#6 C:\Users\banderso\Desktop\PROJECTS\php-code-challenge\xbox\library\Zend\View.php(108): include('C:\Users\bander...')
#7 C:\Users\banderso\Desktop\PROJECTS\php-code-challenge\xbox\library\Zend\View\Abstract.php(888): Zend_View->_run('C:/Users/bander...')
#8 C:\Users\banderso\Desktop\PROJECTS\php-code-challenge\xbox\library\Zend\Controller\Action\Helper\ViewRenderer.php(900): Zend_View_Abstract->render('api/index.phtml')
#9 C:\Users\banderso\Desktop\PROJECTS\php-code-challenge\xbox\library\Zend\Controller\Action\Helper\ViewRenderer.php(921): Zend_Controller_Action_Helper_ViewRenderer->renderScript('api/index.phtml', NULL)
#10 C:\Users\banderso\Desktop\PROJECTS\php-code-challenge\xbox\library\Zend\Controller\Action\Helper\ViewRenderer.php(960): Zend_Controller_Action_Helper_ViewRenderer->render()
#11 C:\Users\banderso\Desktop\PROJECTS\php-code-challenge\xbox\library\Zend\Controller\Action\HelperBroker.php(277): Zend_Controller_Action_Helper_ViewRenderer->postDispatch()
#12 C:\Users\banderso\Desktop\PROJECTS\php-code-challenge\xbox\library\Zend\Controller\Action.php(527): Zend_Controller_Action_HelperBroker->notifyPostDispatch()
#13 C:\Users\banderso\Desktop\PROJECTS\php-code-challenge\xbox\library\Zend\Controller\Dispatcher\Standard.php(295): Zend_Controller_Action->dispatch('indexAction')
#14 C:\Users\banderso\Desktop\PROJECTS\php-code-challenge\xbox\library\Zend\Controller\Front.php(954): Zend_Controller_Dispatcher_Standard->dispatch(Object(Zend_Controller_Request_Http), Object(Zend_Controller_Response_Http))
#15 C:\Users\banderso\Desktop\PROJECTS\php-code-challenge\xbox\library\Zend\Application\Bootstrap\Bootstrap.php(97): Zend_Controller_Front->dispatch()
#16 C:\Users\banderso\Desktop\PROJECTS\php-code-challenge\xbox\library\Zend\Application.php(366): Zend_Application_Bootstrap_Bootstrap->run()
#17 C:\Users\banderso\Desktop\PROJECTS\php-code-challenge\xbox\public\index.php(26): Zend_Application->run()
#18 {main}
2012-09-28T00:30:58+02:00 CRIT (2): exception 'Zend_Loader_PluginLoader_Exception' with message 'Plugin by name 'ConnectToSoapServer' was not found in the registry; used paths:
Xbox_View_Helper_: Xbox/View/Helper/
Bear_View_Helper_: Bear/View/Helper/
Zend_View_Helper_: Zend/View/Helper/;C:/Users/banderso/Desktop/PROJECTS/php-code-challenge/xbox/application/views\helpers/' in C:\Users\banderso\Desktop\PROJECTS\php-code-challenge\xbox\library\Zend\Loader\PluginLoader.php:412
Stack trace:
#0 C:\Users\banderso\Desktop\PROJECTS\php-code-challenge\xbox\library\Zend\View\Abstract.php(1182): Zend_Loader_PluginLoader->load('ConnectToSoapSe...')
#1 C:\Users\banderso\Desktop\PROJECTS\php-code-challenge\xbox\library\Zend\View\Abstract.php(618): Zend_View_Abstract->_getPlugin('helper', 'connectToSoapSe...')
#2 C:\Users\banderso\Desktop\PROJECTS\php-code-challenge\xbox\library\Zend\View\Abstract.php(344): Zend_View_Abstract->getHelper('connectToSoapSe...')
#3 C:\Users\banderso\Desktop\PROJECTS\php-code-challenge\xbox\application\models\API.model.php(11): Zend_View_Abstract->__call('connectToSoapSe...', Array)
#4 C:\Users\banderso\Desktop\PROJECTS\php-code-challenge\xbox\application\models\API.model.php(11): Zend_View->connectToSoapServer()
#5 C:\Users\banderso\Desktop\PROJECTS\php-code-challenge\xbox\application\views\scripts\api\index.phtml(17): API->getGames()
#6 C:\Users\banderso\Desktop\PROJECTS\php-code-challenge\xbox\library\Zend\View.php(108): include('C:\Users\bander...')
#7 C:\Users\banderso\Desktop\PROJECTS\php-code-challenge\xbox\library\Zend\View\Abstract.php(888): Zend_View->_run('C:/Users/bander...')
#8 C:\Users\banderso\Desktop\PROJECTS\php-code-challenge\xbox\library\Zend\Controller\Action\Helper\ViewRenderer.php(900): Zend_View_Abstract->render('api/index.phtml')
#9 C:\Users\banderso\Desktop\PROJECTS\php-code-challenge\xbox\library\Zend\Controller\Action\Helper\ViewRenderer.php(921): Zend_Controller_Action_Helper_ViewRenderer->renderScript('api/index.phtml', NULL)
#10 C:\Users\banderso\Desktop\PROJECTS\php-code-challenge\xbox\library\Zend\Controller\Action\Helper\ViewRenderer.php(960): Zend_Controller_Action_Helper_ViewRenderer->render()
#11 C:\Users\banderso\Desktop\PROJECTS\php-code-challenge\xbox\library\Zend\Controller\Action\HelperBroker.php(277): Zend_Controller_Action_Helper_ViewRenderer->postDispatch()
#12 C:\Users\banderso\Desktop\PROJECTS\php-code-challenge\xbox\library\Zend\Controller\Action.php(527): Zend_Controller_Action_HelperBroker->notifyPostDispatch()
#13 C:\Users\banderso\Desktop\PROJECTS\php-code-challenge\xbox\library\Zend\Controller\Dispatcher\Standard.php(295): Zend_Controller_Action->dispatch('indexAction')
#14 C:\Users\banderso\Desktop\PROJECTS\php-code-challenge\xbox\library\Zend\Controller\Front.php(954): Zend_Controller_Dispatcher_Standard->dispatch(Object(Zend_Controller_Request_Http), Object(Zend_Controller_Response_Http))
#15 C:\Users\banderso\Desktop\PROJECTS\php-code-challenge\xbox\library\Zend\Application\Bootstrap\Bootstrap.php(97): Zend_Controller_Front->dispatch()
#16 C:\Users\banderso\Desktop\PROJECTS\php-code-challenge\xbox\library\Zend\Application.php(366): Zend_Application_Bootstrap_Bootstrap->run()
#17 C:\Users\banderso\Desktop\PROJECTS\php-code-challenge\xbox\public\index.php(26): Zend_Application->run()
#18 {main}
2012-09-28T00:31:39+02:00 CRIT (2): exception 'Zend_Loader_PluginLoader_Exception' with message 'Plugin by name 'ConnectToSoapServer' was not found in the registry; used paths:
Xbox_View_Helper_: Xbox/View/Helper/
Bear_View_Helper_: Bear/View/Helper/
Zend_View_Helper_: Zend/View/Helper/;C:/Users/banderso/Desktop/PROJECTS/php-code-challenge/xbox/application/views\helpers/' in C:\Users\banderso\Desktop\PROJECTS\php-code-challenge\xbox\library\Zend\Loader\PluginLoader.php:412
Stack trace:
#0 C:\Users\banderso\Desktop\PROJECTS\php-code-challenge\xbox\library\Zend\View\Abstract.php(1182): Zend_Loader_PluginLoader->load('ConnectToSoapSe...')
#1 C:\Users\banderso\Desktop\PROJECTS\php-code-challenge\xbox\library\Zend\View\Abstract.php(618): Zend_View_Abstract->_getPlugin('helper', 'connectToSoapSe...')
#2 C:\Users\banderso\Desktop\PROJECTS\php-code-challenge\xbox\library\Zend\View\Abstract.php(344): Zend_View_Abstract->getHelper('connectToSoapSe...')
#3 C:\Users\banderso\Desktop\PROJECTS\php-code-challenge\xbox\application\models\API.model.php(11): Zend_View_Abstract->__call('connectToSoapSe...', Array)
#4 C:\Users\banderso\Desktop\PROJECTS\php-code-challenge\xbox\application\models\API.model.php(11): Zend_View->connectToSoapServer()
#5 C:\Users\banderso\Desktop\PROJECTS\php-code-challenge\xbox\application\views\scripts\api\index.phtml(17): API->getGames()
#6 C:\Users\banderso\Desktop\PROJECTS\php-code-challenge\xbox\library\Zend\View.php(108): include('C:\Users\bander...')
#7 C:\Users\banderso\Desktop\PROJECTS\php-code-challenge\xbox\library\Zend\View\Abstract.php(888): Zend_View->_run('C:/Users/bander...')
#8 C:\Users\banderso\Desktop\PROJECTS\php-code-challenge\xbox\library\Zend\Controller\Action\Helper\ViewRenderer.php(900): Zend_View_Abstract->render('api/index.phtml')
#9 C:\Users\banderso\Desktop\PROJECTS\php-code-challenge\xbox\library\Zend\Controller\Action\Helper\ViewRenderer.php(921): Zend_Controller_Action_Helper_ViewRenderer->renderScript('api/index.phtml', NULL)
#10 C:\Users\banderso\Desktop\PROJECTS\php-code-challenge\xbox\library\Zend\Controller\Action\Helper\ViewRenderer.php(960): Zend_Controller_Action_Helper_ViewRenderer->render()
#11 C:\Users\banderso\Desktop\PROJECTS\php-code-challenge\xbox\library\Zend\Controller\Action\HelperBroker.php(277): Zend_Controller_Action_Helper_ViewRenderer->postDispatch()
#12 C:\Users\banderso\Desktop\PROJECTS\php-code-challenge\xbox\library\Zend\Controller\Action.php(527): Zend_Controller_Action_HelperBroker->notifyPostDispatch()
#13 C:\Users\banderso\Desktop\PROJECTS\php-code-challenge\xbox\library\Zend\Controller\Dispatcher\Standard.php(295): Zend_Controller_Action->dispatch('indexAction')
#14 C:\Users\banderso\Desktop\PROJECTS\php-code-challenge\xbox\library\Zend\Controller\Front.php(954): Zend_Controller_Dispatcher_Standard->dispatch(Object(Zend_Controller_Request_Http), Object(Zend_Controller_Response_Http))
#15 C:\Users\banderso\Desktop\PROJECTS\php-code-challenge\xbox\library\Zend\Application\Bootstrap\Bootstrap.php(97): Zend_Controller_Front->dispatch()
#16 C:\Users\banderso\Desktop\PROJECTS\php-code-challenge\xbox\library\Zend\Application.php(366): Zend_Application_Bootstrap_Bootstrap->run()
#17 C:\Users\banderso\Desktop\PROJECTS\php-code-challenge\xbox\public\index.php(26): Zend_Application->run()
#18 {main}
2012-09-28T00:32:52+02:00 CRIT (2): exception 'Zend_Loader_PluginLoader_Exception' with message 'Plugin by name 'ConnectToSoapServer' was not found in the registry; used paths:
Xbox_View_Helper_: Xbox/View/Helper/
Bear_View_Helper_: Bear/View/Helper/
Zend_View_Helper_: Zend/View/Helper/;C:/Users/banderso/Desktop/PROJECTS/php-code-challenge/xbox/application/views\helpers/' in C:\Users\banderso\Desktop\PROJECTS\php-code-challenge\xbox\library\Zend\Loader\PluginLoader.php:412
Stack trace:
#0 C:\Users\banderso\Desktop\PROJECTS\php-code-challenge\xbox\library\Zend\View\Abstract.php(1182): Zend_Loader_PluginLoader->load('ConnectToSoapSe...')
#1 C:\Users\banderso\Desktop\PROJECTS\php-code-challenge\xbox\library\Zend\View\Abstract.php(618): Zend_View_Abstract->_getPlugin('helper', 'connectToSoapSe...')
#2 C:\Users\banderso\Desktop\PROJECTS\php-code-challenge\xbox\library\Zend\View\Abstract.php(344): Zend_View_Abstract->getHelper('connectToSoapSe...')
#3 C:\Users\banderso\Desktop\PROJECTS\php-code-challenge\xbox\application\models\API.model.php(11): Zend_View_Abstract->__call('connectToSoapSe...', Array)
#4 C:\Users\banderso\Desktop\PROJECTS\php-code-challenge\xbox\application\models\API.model.php(11): Zend_View->connectToSoapServer()
#5 C:\Users\banderso\Desktop\PROJECTS\php-code-challenge\xbox\application\views\scripts\api\index.phtml(17): API->getGames()
#6 C:\Users\banderso\Desktop\PROJECTS\php-code-challenge\xbox\library\Zend\View.php(108): include('C:\Users\bander...')
#7 C:\Users\banderso\Desktop\PROJECTS\php-code-challenge\xbox\library\Zend\View\Abstract.php(888): Zend_View->_run('C:/Users/bander...')
#8 C:\Users\banderso\Desktop\PROJECTS\php-code-challenge\xbox\library\Zend\Controller\Action\Helper\ViewRenderer.php(900): Zend_View_Abstract->render('api/index.phtml')
#9 C:\Users\banderso\Desktop\PROJECTS\php-code-challenge\xbox\library\Zend\Controller\Action\Helper\ViewRenderer.php(921): Zend_Controller_Action_Helper_ViewRenderer->renderScript('api/index.phtml', NULL)
#10 C:\Users\banderso\Desktop\PROJECTS\php-code-challenge\xbox\library\Zend\Controller\Action\Helper\ViewRenderer.php(960): Zend_Controller_Action_Helper_ViewRenderer->render()
#11 C:\Users\banderso\Desktop\PROJECTS\php-code-challenge\xbox\library\Zend\Controller\Action\HelperBroker.php(277): Zend_Controller_Action_Helper_ViewRenderer->postDispatch()
#12 C:\Users\banderso\Desktop\PROJECTS\php-code-challenge\xbox\library\Zend\Controller\Action.php(527): Zend_Controller_Action_HelperBroker->notifyPostDispatch()
#13 C:\Users\banderso\Desktop\PROJECTS\php-code-challenge\xbox\library\Zend\Controller\Dispatcher\Standard.php(295): Zend_Controller_Action->dispatch('indexAction')
#14 C:\Users\banderso\Desktop\PROJECTS\php-code-challenge\xbox\library\Zend\Controller\Front.php(954): Zend_Controller_Dispatcher_Standard->dispatch(Object(Zend_Controller_Request_Http), Object(Zend_Controller_Response_Http))
#15 C:\Users\banderso\Desktop\PROJECTS\php-code-challenge\xbox\library\Zend\Application\Bootstrap\Bootstrap.php(97): Zend_Controller_Front->dispatch()
#16 C:\Users\banderso\Desktop\PROJECTS\php-code-challenge\xbox\library\Zend\Application.php(366): Zend_Application_Bootstrap_Bootstrap->run()
#17 C:\Users\banderso\Desktop\PROJECTS\php-code-challenge\xbox\public\index.php(26): Zend_Application->run()
#18 {main}
2012-09-28T00:33:26+02:00 CRIT (2): exception 'Zend_Loader_PluginLoader_Exception' with message 'Plugin by name 'ConnectToSoapServer' was not found in the registry; used paths:
Xbox_View_Helper_: Xbox/View/Helper/
Bear_View_Helper_: Bear/View/Helper/
Zend_View_Helper_: Zend/View/Helper/;C:/Users/banderso/Desktop/PROJECTS/php-code-challenge/xbox/application/views\helpers/' in C:\Users\banderso\Desktop\PROJECTS\php-code-challenge\xbox\library\Zend\Loader\PluginLoader.php:412
Stack trace:
#0 C:\Users\banderso\Desktop\PROJECTS\php-code-challenge\xbox\library\Zend\View\Abstract.php(1182): Zend_Loader_PluginLoader->load('ConnectToSoapSe...')
#1 C:\Users\banderso\Desktop\PROJECTS\php-code-challenge\xbox\library\Zend\View\Abstract.php(618): Zend_View_Abstract->_getPlugin('helper', 'connectToSoapSe...')
#2 C:\Users\banderso\Desktop\PROJECTS\php-code-challenge\xbox\library\Zend\View\Abstract.php(344): Zend_View_Abstract->getHelper('connectToSoapSe...')
#3 C:\Users\banderso\Desktop\PROJECTS\php-code-challenge\xbox\application\models\API.model.php(11): Zend_View_Abstract->__call('connectToSoapSe...', Array)
#4 C:\Users\banderso\Desktop\PROJECTS\php-code-challenge\xbox\application\models\API.model.php(11): Zend_View->connectToSoapServer()
#5 C:\Users\banderso\Desktop\PROJECTS\php-code-challenge\xbox\application\views\scripts\api\index.phtml(17): API->getGames()
#6 C:\Users\banderso\Desktop\PROJECTS\php-code-challenge\xbox\library\Zend\View.php(108): include('C:\Users\bander...')
#7 C:\Users\banderso\Desktop\PROJECTS\php-code-challenge\xbox\library\Zend\View\Abstract.php(888): Zend_View->_run('C:/Users/bander...')
#8 C:\Users\banderso\Desktop\PROJECTS\php-code-challenge\xbox\library\Zend\Controller\Action\Helper\ViewRenderer.php(900): Zend_View_Abstract->render('api/index.phtml')
#9 C:\Users\banderso\Desktop\PROJECTS\php-code-challenge\xbox\library\Zend\Controller\Action\Helper\ViewRenderer.php(921): Zend_Controller_Action_Helper_ViewRenderer->renderScript('api/index.phtml', NULL)
#10 C:\Users\banderso\Desktop\PROJECTS\php-code-challenge\xbox\library\Zend\Controller\Action\Helper\ViewRenderer.php(960): Zend_Controller_Action_Helper_ViewRenderer->render()
#11 C:\Users\banderso\Desktop\PROJECTS\php-code-challenge\xbox\library\Zend\Controller\Action\HelperBroker.php(277): Zend_Controller_Action_Helper_ViewRenderer->postDispatch()
#12 C:\Users\banderso\Desktop\PROJECTS\php-code-challenge\xbox\library\Zend\Controller\Action.php(527): Zend_Controller_Action_HelperBroker->notifyPostDispatch()
#13 C:\Users\banderso\Desktop\PROJECTS\php-code-challenge\xbox\library\Zend\Controller\Dispatcher\Standard.php(295): Zend_Controller_Action->dispatch('indexAction')
#14 C:\Users\banderso\Desktop\PROJECTS\php-code-challenge\xbox\library\Zend\Controller\Front.php(954): Zend_Controller_Dispatcher_Standard->dispatch(Object(Zend_Controller_Request_Http), Object(Zend_Controller_Response_Http))
#15 C:\Users\banderso\Desktop\PROJECTS\php-code-challenge\xbox\library\Zend\Application\Bootstrap\Bootstrap.php(97): Zend_Controller_Front->dispatch()
#16 C:\Users\banderso\Desktop\PROJECTS\php-code-challenge\xbox\library\Zend\Application.php(366): Zend_Application_Bootstrap_Bootstrap->run()
#17 C:\Users\banderso\Desktop\PROJECTS\php-code-challenge\xbox\public\index.php(26): Zend_Application->run()
#18 {main}
2012-09-28T00:35:27+02:00 CRIT (2): exception 'Zend_Loader_PluginLoader_Exception' with message 'Plugin by name 'ConnectToSoapServer' was not found in the registry; used paths:
Xbox_View_Helper_: Xbox/View/Helper/
Bear_View_Helper_: Bear/View/Helper/
Zend_View_Helper_: Zend/View/Helper/;C:/Users/banderso/Desktop/PROJECTS/php-code-challenge/xbox/application/views\helpers/' in C:\Users\banderso\Desktop\PROJECTS\php-code-challenge\xbox\library\Zend\Loader\PluginLoader.php:412
Stack trace:
#0 C:\Users\banderso\Desktop\PROJECTS\php-code-challenge\xbox\library\Zend\View\Abstract.php(1182): Zend_Loader_PluginLoader->load('ConnectToSoapSe...')
#1 C:\Users\banderso\Desktop\PROJECTS\php-code-challenge\xbox\library\Zend\View\Abstract.php(618): Zend_View_Abstract->_getPlugin('helper', 'connectToSoapSe...')
#2 C:\Users\banderso\Desktop\PROJECTS\php-code-challenge\xbox\library\Zend\View\Abstract.php(344): Zend_View_Abstract->getHelper('connectToSoapSe...')
#3 C:\Users\banderso\Desktop\PROJECTS\php-code-challenge\xbox\application\models\API.model.php(11): Zend_View_Abstract->__call('connectToSoapSe...', Array)
#4 C:\Users\banderso\Desktop\PROJECTS\php-code-challenge\xbox\application\models\API.model.php(11): Zend_View->connectToSoapServer()
#5 C:\Users\banderso\Desktop\PROJECTS\php-code-challenge\xbox\application\views\scripts\api\index.phtml(17): API->getGames()
#6 C:\Users\banderso\Desktop\PROJECTS\php-code-challenge\xbox\library\Zend\View.php(108): include('C:\Users\bander...')
#7 C:\Users\banderso\Desktop\PROJECTS\php-code-challenge\xbox\library\Zend\View\Abstract.php(888): Zend_View->_run('C:/Users/bander...')
#8 C:\Users\banderso\Desktop\PROJECTS\php-code-challenge\xbox\library\Zend\Controller\Action\Helper\ViewRenderer.php(900): Zend_View_Abstract->render('api/index.phtml')
#9 C:\Users\banderso\Desktop\PROJECTS\php-code-challenge\xbox\library\Zend\Controller\Action\Helper\ViewRenderer.php(921): Zend_Controller_Action_Helper_ViewRenderer->renderScript('api/index.phtml', NULL)
#10 C:\Users\banderso\Desktop\PROJECTS\php-code-challenge\xbox\library\Zend\Controller\Action\Helper\ViewRenderer.php(960): Zend_Controller_Action_Helper_ViewRenderer->render()
#11 C:\Users\banderso\Desktop\PROJECTS\php-code-challenge\xbox\library\Zend\Controller\Action\HelperBroker.php(277): Zend_Controller_Action_Helper_ViewRenderer->postDispatch()
#12 C:\Users\banderso\Desktop\PROJECTS\php-code-challenge\xbox\library\Zend\Controller\Action.php(527): Zend_Controller_Action_HelperBroker->notifyPostDispatch()
#13 C:\Users\banderso\Desktop\PROJECTS\php-code-challenge\xbox\library\Zend\Controller\Dispatcher\Standard.php(295): Zend_Controller_Action->dispatch('indexAction')
#14 C:\Users\banderso\Desktop\PROJECTS\php-code-challenge\xbox\library\Zend\Controller\Front.php(954): Zend_Controller_Dispatcher_Standard->dispatch(Object(Zend_Controller_Request_Http), Object(Zend_Controller_Response_Http))
#15 C:\Users\banderso\Desktop\PROJECTS\php-code-challenge\xbox\library\Zend\Application\Bootstrap\Bootstrap.php(97): Zend_Controller_Front->dispatch()
#16 C:\Users\banderso\Desktop\PROJECTS\php-code-challenge\xbox\library\Zend\Application.php(366): Zend_Application_Bootstrap_Bootstrap->run()
#17 C:\Users\banderso\Desktop\PROJECTS\php-code-challenge\xbox\public\index.php(26): Zend_Application->run()
#18 {main}
2012-09-28T00:35:36+02:00 CRIT (2): exception 'Zend_Loader_PluginLoader_Exception' with message 'Plugin by name 'ConnectToSoapServer' was not found in the registry; used paths:
Xbox_View_Helper_: Xbox/View/Helper/
Bear_View_Helper_: Bear/View/Helper/
Zend_View_Helper_: Zend/View/Helper/;C:/Users/banderso/Desktop/PROJECTS/php-code-challenge/xbox/application/views\helpers/' in C:\Users\banderso\Desktop\PROJECTS\php-code-challenge\xbox\library\Zend\Loader\PluginLoader.php:412
Stack trace:
#0 C:\Users\banderso\Desktop\PROJECTS\php-code-challenge\xbox\library\Zend\View\Abstract.php(1182): Zend_Loader_PluginLoader->load('ConnectToSoapSe...')
#1 C:\Users\banderso\Desktop\PROJECTS\php-code-challenge\xbox\library\Zend\View\Abstract.php(618): Zend_View_Abstract->_getPlugin('helper', 'connectToSoapSe...')
#2 C:\Users\banderso\Desktop\PROJECTS\php-code-challenge\xbox\library\Zend\View\Abstract.php(344): Zend_View_Abstract->getHelper('connectToSoapSe...')
#3 C:\Users\banderso\Desktop\PROJECTS\php-code-challenge\xbox\application\models\API.model.php(11): Zend_View_Abstract->__call('connectToSoapSe...', Array)
#4 C:\Users\banderso\Desktop\PROJECTS\php-code-challenge\xbox\application\models\API.model.php(11): Zend_View->connectToSoapServer()
#5 C:\Users\banderso\Desktop\PROJECTS\php-code-challenge\xbox\application\views\scripts\api\index.phtml(17): API->getGames()
#6 C:\Users\banderso\Desktop\PROJECTS\php-code-challenge\xbox\library\Zend\View.php(108): include('C:\Users\bander...')
#7 C:\Users\banderso\Desktop\PROJECTS\php-code-challenge\xbox\library\Zend\View\Abstract.php(888): Zend_View->_run('C:/Users/bander...')
#8 C:\Users\banderso\Desktop\PROJECTS\php-code-challenge\xbox\library\Zend\Controller\Action\Helper\ViewRenderer.php(900): Zend_View_Abstract->render('api/index.phtml')
#9 C:\Users\banderso\Desktop\PROJECTS\php-code-challenge\xbox\library\Zend\Controller\Action\Helper\ViewRenderer.php(921): Zend_Controller_Action_Helper_ViewRenderer->renderScript('api/index.phtml', NULL)
#10 C:\Users\banderso\Desktop\PROJECTS\php-code-challenge\xbox\library\Zend\Controller\Action\Helper\ViewRenderer.php(960): Zend_Controller_Action_Helper_ViewRenderer->render()
#11 C:\Users\banderso\Desktop\PROJECTS\php-code-challenge\xbox\library\Zend\Controller\Action\HelperBroker.php(277): Zend_Controller_Action_Helper_ViewRenderer->postDispatch()
#12 C:\Users\banderso\Desktop\PROJECTS\php-code-challenge\xbox\library\Zend\Controller\Action.php(527): Zend_Controller_Action_HelperBroker->notifyPostDispatch()
#13 C:\Users\banderso\Desktop\PROJECTS\php-code-challenge\xbox\library\Zend\Controller\Dispatcher\Standard.php(295): Zend_Controller_Action->dispatch('indexAction')
#14 C:\Users\banderso\Desktop\PROJECTS\php-code-challenge\xbox\library\Zend\Controller\Front.php(954): Zend_Controller_Dispatcher_Standard->dispatch(Object(Zend_Controller_Request_Http), Object(Zend_Controller_Response_Http))
#15 C:\Users\banderso\Desktop\PROJECTS\php-code-challenge\xbox\library\Zend\Application\Bootstrap\Bootstrap.php(97): Zend_Controller_Front->dispatch()
#16 C:\Users\banderso\Desktop\PROJECTS\php-code-challenge\xbox\library\Zend\Application.php(366): Zend_Application_Bootstrap_Bootstrap->run()
#17 C:\Users\banderso\Desktop\PROJECTS\php-code-challenge\xbox\public\index.php(26): Zend_Application->run()
#18 {main}
2012-09-28T00:37:09+02:00 CRIT (2): exception 'Zend_Loader_PluginLoader_Exception' with message 'Plugin by name 'ConnectToSoapServer' was not found in the registry; used paths:
Xbox_View_Helper_: Xbox/View/Helper/
Bear_View_Helper_: Bear/View/Helper/
Zend_View_Helper_: Zend/View/Helper/;C:/Users/banderso/Desktop/PROJECTS/php-code-challenge/xbox/application/views\helpers/' in C:\Users\banderso\Desktop\PROJECTS\php-code-challenge\xbox\library\Zend\Loader\PluginLoader.php:412
Stack trace:
#0 C:\Users\banderso\Desktop\PROJECTS\php-code-challenge\xbox\library\Zend\View\Abstract.php(1182): Zend_Loader_PluginLoader->load('ConnectToSoapSe...')
#1 C:\Users\banderso\Desktop\PROJECTS\php-code-challenge\xbox\library\Zend\View\Abstract.php(618): Zend_View_Abstract->_getPlugin('helper', 'connectToSoapSe...')
#2 C:\Users\banderso\Desktop\PROJECTS\php-code-challenge\xbox\library\Zend\View\Abstract.php(344): Zend_View_Abstract->getHelper('connectToSoapSe...')
#3 C:\Users\banderso\Desktop\PROJECTS\php-code-challenge\xbox\application\models\API.model.php(11): Zend_View_Abstract->__call('connectToSoapSe...', Array)
#4 C:\Users\banderso\Desktop\PROJECTS\php-code-challenge\xbox\application\models\API.model.php(11): Zend_View->connectToSoapServer()
#5 C:\Users\banderso\Desktop\PROJECTS\php-code-challenge\xbox\application\views\scripts\api\index.phtml(17): API->getGames()
#6 C:\Users\banderso\Desktop\PROJECTS\php-code-challenge\xbox\library\Zend\View.php(108): include('C:\Users\bander...')
#7 C:\Users\banderso\Desktop\PROJECTS\php-code-challenge\xbox\library\Zend\View\Abstract.php(888): Zend_View->_run('C:/Users/bander...')
#8 C:\Users\banderso\Desktop\PROJECTS\php-code-challenge\xbox\library\Zend\Controller\Action\Helper\ViewRenderer.php(900): Zend_View_Abstract->render('api/index.phtml')
#9 C:\Users\banderso\Desktop\PROJECTS\php-code-challenge\xbox\library\Zend\Controller\Action\Helper\ViewRenderer.php(921): Zend_Controller_Action_Helper_ViewRenderer->renderScript('api/index.phtml', NULL)
#10 C:\Users\banderso\Desktop\PROJECTS\php-code-challenge\xbox\library\Zend\Controller\Action\Helper\ViewRenderer.php(960): Zend_Controller_Action_Helper_ViewRenderer->render()
#11 C:\Users\banderso\Desktop\PROJECTS\php-code-challenge\xbox\library\Zend\Controller\Action\HelperBroker.php(277): Zend_Controller_Action_Helper_ViewRenderer->postDispatch()
#12 C:\Users\banderso\Desktop\PROJECTS\php-code-challenge\xbox\library\Zend\Controller\Action.php(527): Zend_Controller_Action_HelperBroker->notifyPostDispatch()
#13 C:\Users\banderso\Desktop\PROJECTS\php-code-challenge\xbox\library\Zend\Controller\Dispatcher\Standard.php(295): Zend_Controller_Action->dispatch('indexAction')
#14 C:\Users\banderso\Desktop\PROJECTS\php-code-challenge\xbox\library\Zend\Controller\Front.php(954): Zend_Controller_Dispatcher_Standard->dispatch(Object(Zend_Controller_Request_Http), Object(Zend_Controller_Response_Http))
#15 C:\Users\banderso\Desktop\PROJECTS\php-code-challenge\xbox\library\Zend\Application\Bootstrap\Bootstrap.php(97): Zend_Controller_Front->dispatch()
#16 C:\Users\banderso\Desktop\PROJECTS\php-code-challenge\xbox\library\Zend\Application.php(366): Zend_Application_Bootstrap_Bootstrap->run()
#17 C:\Users\banderso\Desktop\PROJECTS\php-code-challenge\xbox\public\index.php(26): Zend_Application->run()
#18 {main}
2012-09-28T00:37:32+02:00 CRIT (2): exception 'Zend_Loader_PluginLoader_Exception' with message 'Plugin by name 'ConnectToSoapServer' was not found in the registry; used paths:
Xbox_View_Helper_: Xbox/View/Helper/
Bear_View_Helper_: Bear/View/Helper/
Zend_View_Helper_: Zend/View/Helper/;C:/Users/banderso/Desktop/PROJECTS/php-code-challenge/xbox/application/views\helpers/' in C:\Users\banderso\Desktop\PROJECTS\php-code-challenge\xbox\library\Zend\Loader\PluginLoader.php:412
Stack trace:
#0 C:\Users\banderso\Desktop\PROJECTS\php-code-challenge\xbox\library\Zend\View\Abstract.php(1182): Zend_Loader_PluginLoader->load('ConnectToSoapSe...')
#1 C:\Users\banderso\Desktop\PROJECTS\php-code-challenge\xbox\library\Zend\View\Abstract.php(618): Zend_View_Abstract->_getPlugin('helper', 'connectToSoapSe...')
#2 C:\Users\banderso\Desktop\PROJECTS\php-code-challenge\xbox\library\Zend\View\Abstract.php(344): Zend_View_Abstract->getHelper('connectToSoapSe...')
#3 C:\Users\banderso\Desktop\PROJECTS\php-code-challenge\xbox\application\models\API.model.php(11): Zend_View_Abstract->__call('connectToSoapSe...', Array)
#4 C:\Users\banderso\Desktop\PROJECTS\php-code-challenge\xbox\application\models\API.model.php(11): Zend_View->connectToSoapServer()
#5 C:\Users\banderso\Desktop\PROJECTS\php-code-challenge\xbox\application\views\scripts\api\index.phtml(17): API->getGames()
#6 C:\Users\banderso\Desktop\PROJECTS\php-code-challenge\xbox\library\Zend\View.php(108): include('C:\Users\bander...')
#7 C:\Users\banderso\Desktop\PROJECTS\php-code-challenge\xbox\library\Zend\View\Abstract.php(888): Zend_View->_run('C:/Users/bander...')
#8 C:\Users\banderso\Desktop\PROJECTS\php-code-challenge\xbox\library\Zend\Controller\Action\Helper\ViewRenderer.php(900): Zend_View_Abstract->render('api/index.phtml')
#9 C:\Users\banderso\Desktop\PROJECTS\php-code-challenge\xbox\library\Zend\Controller\Action\Helper\ViewRenderer.php(921): Zend_Controller_Action_Helper_ViewRenderer->renderScript('api/index.phtml', NULL)
#10 C:\Users\banderso\Desktop\PROJECTS\php-code-challenge\xbox\library\Zend\Controller\Action\Helper\ViewRenderer.php(960): Zend_Controller_Action_Helper_ViewRenderer->render()
#11 C:\Users\banderso\Desktop\PROJECTS\php-code-challenge\xbox\library\Zend\Controller\Action\HelperBroker.php(277): Zend_Controller_Action_Helper_ViewRenderer->postDispatch()
#12 C:\Users\banderso\Desktop\PROJECTS\php-code-challenge\xbox\library\Zend\Controller\Action.php(527): Zend_Controller_Action_HelperBroker->notifyPostDispatch()
#13 C:\Users\banderso\Desktop\PROJECTS\php-code-challenge\xbox\library\Zend\Controller\Dispatcher\Standard.php(295): Zend_Controller_Action->dispatch('indexAction')
#14 C:\Users\banderso\Desktop\PROJECTS\php-code-challenge\xbox\library\Zend\Controller\Front.php(954): Zend_Controller_Dispatcher_Standard->dispatch(Object(Zend_Controller_Request_Http), Object(Zend_Controller_Response_Http))
#15 C:\Users\banderso\Desktop\PROJECTS\php-code-challenge\xbox\library\Zend\Application\Bootstrap\Bootstrap.php(97): Zend_Controller_Front->dispatch()
#16 C:\Users\banderso\Desktop\PROJECTS\php-code-challenge\xbox\library\Zend\Application.php(366): Zend_Application_Bootstrap_Bootstrap->run()
#17 C:\Users\banderso\Desktop\PROJECTS\php-code-challenge\xbox\public\index.php(26): Zend_Application->run()
#18 {main}
2012-09-28T00:52:45+02:00 CRIT (2): SoapFault exception: [Client] Function ("addNewGame") is not a valid method for this service in C:\Users\banderso\Desktop\PROJECTS\php-code-challenge\xbox\application\models\API.model.php:17
Stack trace:
#0 C:\Users\banderso\Desktop\PROJECTS\php-code-challenge\xbox\application\models\API.model.php(17): SoapClient->__call('addNewGame', Array)
#1 C:\Users\banderso\Desktop\PROJECTS\php-code-challenge\xbox\application\models\API.model.php(17): SoapClient->addNewGame('eb6020e01519818...', 'Modern Warfare ...')
#2 C:\Users\banderso\Desktop\PROJECTS\php-code-challenge\xbox\application\views\scripts\api\index.phtml(21): API::addNewGame()
#3 C:\Users\banderso\Desktop\PROJECTS\php-code-challenge\xbox\library\Zend\View.php(108): include('C:\Users\bander...')
#4 C:\Users\banderso\Desktop\PROJECTS\php-code-challenge\xbox\library\Zend\View\Abstract.php(888): Zend_View->_run('C:/Users/bander...')
#5 C:\Users\banderso\Desktop\PROJECTS\php-code-challenge\xbox\library\Zend\Controller\Action\Helper\ViewRenderer.php(900): Zend_View_Abstract->render('api/index.phtml')
#6 C:\Users\banderso\Desktop\PROJECTS\php-code-challenge\xbox\library\Zend\Controller\Action\Helper\ViewRenderer.php(921): Zend_Controller_Action_Helper_ViewRenderer->renderScript('api/index.phtml', NULL)
#7 C:\Users\banderso\Desktop\PROJECTS\php-code-challenge\xbox\library\Zend\Controller\Action\Helper\ViewRenderer.php(960): Zend_Controller_Action_Helper_ViewRenderer->render()
#8 C:\Users\banderso\Desktop\PROJECTS\php-code-challenge\xbox\library\Zend\Controller\Action\HelperBroker.php(277): Zend_Controller_Action_Helper_ViewRenderer->postDispatch()
#9 C:\Users\banderso\Desktop\PROJECTS\php-code-challenge\xbox\library\Zend\Controller\Action.php(527): Zend_Controller_Action_HelperBroker->notifyPostDispatch()
#10 C:\Users\banderso\Desktop\PROJECTS\php-code-challenge\xbox\library\Zend\Controller\Dispatcher\Standard.php(295): Zend_Controller_Action->dispatch('indexAction')
#11 C:\Users\banderso\Desktop\PROJECTS\php-code-challenge\xbox\library\Zend\Controller\Front.php(954): Zend_Controller_Dispatcher_Standard->dispatch(Object(Zend_Controller_Request_Http), Object(Zend_Controller_Response_Http))
#12 C:\Users\banderso\Desktop\PROJECTS\php-code-challenge\xbox\library\Zend\Application\Bootstrap\Bootstrap.php(97): Zend_Controller_Front->dispatch()
#13 C:\Users\banderso\Desktop\PROJECTS\php-code-challenge\xbox\library\Zend\Application.php(366): Zend_Application_Bootstrap_Bootstrap->run()
#14 C:\Users\banderso\Desktop\PROJECTS\php-code-challenge\xbox\public\index.php(26): Zend_Application->run()
#15 {main}
2012-09-28T00:53:12+02:00 CRIT (2): SoapFault exception: [Client] Function ("addNewGame") is not a valid method for this service in C:\Users\banderso\Desktop\PROJECTS\php-code-challenge\xbox\application\models\API.model.php:17
Stack trace:
#0 C:\Users\banderso\Desktop\PROJECTS\php-code-challenge\xbox\application\models\API.model.php(17): SoapClient->__call('addNewGame', Array)
#1 C:\Users\banderso\Desktop\PROJECTS\php-code-challenge\xbox\application\models\API.model.php(17): SoapClient->addNewGame('eb6020e01519818...', NULL)
#2 C:\Users\banderso\Desktop\PROJECTS\php-code-challenge\xbox\application\views\scripts\api\index.phtml(21): API::addNewGame()
#3 C:\Users\banderso\Desktop\PROJECTS\php-code-challenge\xbox\library\Zend\View.php(108): include('C:\Users\bander...')
#4 C:\Users\banderso\Desktop\PROJECTS\php-code-challenge\xbox\library\Zend\View\Abstract.php(888): Zend_View->_run('C:/Users/bander...')
#5 C:\Users\banderso\Desktop\PROJECTS\php-code-challenge\xbox\library\Zend\Controller\Action\Helper\ViewRenderer.php(900): Zend_View_Abstract->render('api/index.phtml')
#6 C:\Users\banderso\Desktop\PROJECTS\php-code-challenge\xbox\library\Zend\Controller\Action\Helper\ViewRenderer.php(921): Zend_Controller_Action_Helper_ViewRenderer->renderScript('api/index.phtml', NULL)
#7 C:\Users\banderso\Desktop\PROJECTS\php-code-challenge\xbox\library\Zend\Controller\Action\Helper\ViewRenderer.php(960): Zend_Controller_Action_Helper_ViewRenderer->render()
#8 C:\Users\banderso\Desktop\PROJECTS\php-code-challenge\xbox\library\Zend\Controller\Action\HelperBroker.php(277): Zend_Controller_Action_Helper_ViewRenderer->postDispatch()
#9 C:\Users\banderso\Desktop\PROJECTS\php-code-challenge\xbox\library\Zend\Controller\Action.php(527): Zend_Controller_Action_HelperBroker->notifyPostDispatch()
#10 C:\Users\banderso\Desktop\PROJECTS\php-code-challenge\xbox\library\Zend\Controller\Dispatcher\Standard.php(295): Zend_Controller_Action->dispatch('indexAction')
#11 C:\Users\banderso\Desktop\PROJECTS\php-code-challenge\xbox\library\Zend\Controller\Front.php(954): Zend_Controller_Dispatcher_Standard->dispatch(Object(Zend_Controller_Request_Http), Object(Zend_Controller_Response_Http))
#12 C:\Users\banderso\Desktop\PROJECTS\php-code-challenge\xbox\library\Zend\Application\Bootstrap\Bootstrap.php(97): Zend_Controller_Front->dispatch()
#13 C:\Users\banderso\Desktop\PROJECTS\php-code-challenge\xbox\library\Zend\Application.php(366): Zend_Application_Bootstrap_Bootstrap->run()
#14 C:\Users\banderso\Desktop\PROJECTS\php-code-challenge\xbox\public\index.php(26): Zend_Application->run()
#15 {main}
2012-09-28T00:53:38+02:00 CRIT (2): SoapFault exception: [Client] Function ("addNewGame") is not a valid method for this service in C:\Users\banderso\Desktop\PROJECTS\php-code-challenge\xbox\application\models\API.model.php:17
Stack trace:
#0 C:\Users\banderso\Desktop\PROJECTS\php-code-challenge\xbox\application\models\API.model.php(17): SoapClient->__call('addNewGame', Array)
#1 C:\Users\banderso\Desktop\PROJECTS\php-code-challenge\xbox\application\models\API.model.php(17): SoapClient->addNewGame('eb6020e01519818...', 'Modern Warfare ...')
#2 C:\Users\banderso\Desktop\PROJECTS\php-code-challenge\xbox\application\views\scripts\api\index.phtml(21): API::addNewGame('Modern Warfare ...')
#3 C:\Users\banderso\Desktop\PROJECTS\php-code-challenge\xbox\library\Zend\View.php(108): include('C:\Users\bander...')
#4 C:\Users\banderso\Desktop\PROJECTS\php-code-challenge\xbox\library\Zend\View\Abstract.php(888): Zend_View->_run('C:/Users/bander...')
#5 C:\Users\banderso\Desktop\PROJECTS\php-code-challenge\xbox\library\Zend\Controller\Action\Helper\ViewRenderer.php(900): Zend_View_Abstract->render('api/index.phtml')
#6 C:\Users\banderso\Desktop\PROJECTS\php-code-challenge\xbox\library\Zend\Controller\Action\Helper\ViewRenderer.php(921): Zend_Controller_Action_Helper_ViewRenderer->renderScript('api/index.phtml', NULL)
#7 C:\Users\banderso\Desktop\PROJECTS\php-code-challenge\xbox\library\Zend\Controller\Action\Helper\ViewRenderer.php(960): Zend_Controller_Action_Helper_ViewRenderer->render()
#8 C:\Users\banderso\Desktop\PROJECTS\php-code-challenge\xbox\library\Zend\Controller\Action\HelperBroker.php(277): Zend_Controller_Action_Helper_ViewRenderer->postDispatch()
#9 C:\Users\banderso\Desktop\PROJECTS\php-code-challenge\xbox\library\Zend\Controller\Action.php(527): Zend_Controller_Action_HelperBroker->notifyPostDispatch()
#10 C:\Users\banderso\Desktop\PROJECTS\php-code-challenge\xbox\library\Zend\Controller\Dispatcher\Standard.php(295): Zend_Controller_Action->dispatch('indexAction')
#11 C:\Users\banderso\Desktop\PROJECTS\php-code-challenge\xbox\library\Zend\Controller\Front.php(954): Zend_Controller_Dispatcher_Standard->dispatch(Object(Zend_Controller_Request_Http), Object(Zend_Controller_Response_Http))
#12 C:\Users\banderso\Desktop\PROJECTS\php-code-challenge\xbox\library\Zend\Application\Bootstrap\Bootstrap.php(97): Zend_Controller_Front->dispatch()
#13 C:\Users\banderso\Desktop\PROJECTS\php-code-challenge\xbox\library\Zend\Application.php(366): Zend_Application_Bootstrap_Bootstrap->run()
#14 C:\Users\banderso\Desktop\PROJECTS\php-code-challenge\xbox\public\index.php(26): Zend_Application->run()
#15 {main}
2012-09-28T00:54:23+02:00 CRIT (2): SoapFault exception: [Client] Function ("addNewGame") is not a valid method for this service in C:\Users\banderso\Desktop\PROJECTS\php-code-challenge\xbox\application\models\API.model.php:17
Stack trace:
#0 C:\Users\banderso\Desktop\PROJECTS\php-code-challenge\xbox\application\models\API.model.php(17): SoapClient->__call('addNewGame', Array)
#1 C:\Users\banderso\Desktop\PROJECTS\php-code-challenge\xbox\application\models\API.model.php(17): SoapClient->addNewGame('eb6020e01519818...', 'Modern Warfare ...')
#2 C:\Users\banderso\Desktop\PROJECTS\php-code-challenge\xbox\application\views\scripts\api\index.phtml(21): API::addNewGame('Modern Warfare ...')
#3 C:\Users\banderso\Desktop\PROJECTS\php-code-challenge\xbox\library\Zend\View.php(108): include('C:\Users\bander...')
#4 C:\Users\banderso\Desktop\PROJECTS\php-code-challenge\xbox\library\Zend\View\Abstract.php(888): Zend_View->_run('C:/Users/bander...')
#5 C:\Users\banderso\Desktop\PROJECTS\php-code-challenge\xbox\library\Zend\Controller\Action\Helper\ViewRenderer.php(900): Zend_View_Abstract->render('api/index.phtml')
#6 C:\Users\banderso\Desktop\PROJECTS\php-code-challenge\xbox\library\Zend\Controller\Action\Helper\ViewRenderer.php(921): Zend_Controller_Action_Helper_ViewRenderer->renderScript('api/index.phtml', NULL)
#7 C:\Users\banderso\Desktop\PROJECTS\php-code-challenge\xbox\library\Zend\Controller\Action\Helper\ViewRenderer.php(960): Zend_Controller_Action_Helper_ViewRenderer->render()
#8 C:\Users\banderso\Desktop\PROJECTS\php-code-challenge\xbox\library\Zend\Controller\Action\HelperBroker.php(277): Zend_Controller_Action_Helper_ViewRenderer->postDispatch()
#9 C:\Users\banderso\Desktop\PROJECTS\php-code-challenge\xbox\library\Zend\Controller\Action.php(527): Zend_Controller_Action_HelperBroker->notifyPostDispatch()
#10 C:\Users\banderso\Desktop\PROJECTS\php-code-challenge\xbox\library\Zend\Controller\Dispatcher\Standard.php(295): Zend_Controller_Action->dispatch('indexAction')
#11 C:\Users\banderso\Desktop\PROJECTS\php-code-challenge\xbox\library\Zend\Controller\Front.php(954): Zend_Controller_Dispatcher_Standard->dispatch(Object(Zend_Controller_Request_Http), Object(Zend_Controller_Response_Http))
#12 C:\Users\banderso\Desktop\PROJECTS\php-code-challenge\xbox\library\Zend\Application\Bootstrap\Bootstrap.php(97): Zend_Controller_Front->dispatch()
#13 C:\Users\banderso\Desktop\PROJECTS\php-code-challenge\xbox\library\Zend\Application.php(366): Zend_Application_Bootstrap_Bootstrap->run()
#14 C:\Users\banderso\Desktop\PROJECTS\php-code-challenge\xbox\public\index.php(26): Zend_Application->run()
#15 {main}
2012-09-28T23:18:23+02:00 NOTICE (5): Page Not Found: /php-code-challenge/xbox/public/handlebars-1.0.rc.1.js - Invalid controller specified (handlebars-1.0.rc.1.js)
